INFO  16:06:48.563 o.r.monitor.ProvisionMonitorImpl - 
____ _ ____
|__/ | |  |   Provision Monitor
|  \ | |__|   Version: 5.0-M3, Build: 20130709-1639

Rio Home: /opt/rio
Java version: 1.7.0_07, vendor: Oracle Corporation
Java home: /usr/java/jdk1.7.0_07/jre
DEBUG 16:06:48.979 o.r.monitor.ProvisionMonitorImpl - Bound to RMI Registry on port=1099
INFO  16:06:49.115 o.r.m.selectors.LeastActiveSelector - Created LeastActiveSelector
INFO  16:06:49.122 org.rioproject.jmx.JMXConnectionUtil - JMXServiceURL=service:jmx:rmi://10.10.7.12:1099/jndi/rmi://10.10.7.12:1099/jmxrmi
DEBUG 16:06:49.189 o.r.monitor.ProvisionMonitorImpl - Configured to scan for OAR deployments every 30 seconds
DEBUG 16:06:49.195 o.r.m.h.FileSystemOARDeployHandler - OARs will be scanned for in this directory: /opt/rio-5.0-M3/deploy
DEBUG 16:06:49.195 o.r.m.h.FileSystemOARDeployHandler - OARs will be installed into this directory: /opt/rio-5.0-M3/deploy
DEBUG 16:06:49.203 o.r.m.peer.ProvisionMonitorPeer - ProvisionMonitorPeer: No backup
DEBUG 16:06:49.266 o.r.monitor.ProvisionMonitorImpl - initialOpStrings=[], initialOpStringLoadDelay=5000
DEBUG 16:06:49.271 o.r.monitor.ProvisionMonitorImpl - Created new ServiceID: 258480a6-0acd-4467-b077-fdb6b95ccc42
INFO  16:06:49.276 o.r.watch.ThreadDeadlockMonitor - ThreadMXBean set, monitoring current JVM for thread deadlocks
INFO  16:06:49.281 o.r.monitor.ProvisionMonitorImpl - Started Provision Monitor [jboss]
INFO  16:06:49.650 o.rioproject.cybernode.CybernodeImpl - 
____ _ ____
|__/ | |  |   Cybernode
|  \ | |__|   Version: 5.0-M3, Build: 20130709-1639

Rio Home: /opt/rio
Java version: 1.7.0_07, vendor: Oracle Corporation
Java home: /usr/java/jdk1.7.0_07/jre
DEBUG 16:06:49.819 o.rioproject.cybernode.CybernodeImpl - Bound to RMI Registry on port=1099
INFO  16:06:49.823 o.r.watch.ThreadDeadlockMonitor - ThreadMXBean set, monitoring current JVM for thread deadlocks
DEBUG 16:06:50.027 o.rioproject.cybernode.CybernodeImpl - Will update discovered Provision Monitors with resource utilization details at intervals of 1 minute
DEBUG 16:06:50.034 org.rioproject.cybernode.Environment - Using ServiceStatementManager: org.rioproject.cybernode.TransientServiceStatementManager
DEBUG 16:06:50.052 o.rioproject.cybernode.CybernodeImpl - serviceTerminationOnUnregister=true
INFO  16:06:50.053 o.rioproject.cybernode.CybernodeImpl - Enlist with ProvisionManagers as an instantiation resource using: Cybernode-29631@uat.travellinck.com
DEBUG 16:06:50.066 o.rioproject.cybernode.CybernodeImpl - Created new ServiceID: 7209d900-58b9-42ae-a957-72d819ff4fa9
INFO  16:06:50.066 o.rioproject.cybernode.CybernodeImpl - Started Cybernode [jboss]
DEBUG 16:06:50.067 o.rioproject.cybernode.CybernodeImpl - initialServiceLoadDelay=5000
DEBUG 16:06:50.129 o.r.cybernode.ServiceConsumer - ProvisionManager discovered org.rioproject.monitor.ProvisionMonitorProxy$ConstrainableProvisionMonitorProxy@2662f535
DEBUG 16:06:50.690 o.r.monitor.ServiceProvisioner - Registered new Cybernode-29631@uat.travellinck.com, count [1]
DEBUG 16:06:50.701 o.r.cybernode.ServiceConsumer - Established ProvisionManager registration
INFO  16:06:50.702 o.r.cybernode.ServiceConsumer - Registered to a ProvisionManager, now connected to [1] ProvisionMonitor instances
DEBUG 16:06:55.068 o.rioproject.cybernode.CybernodeImpl - Loading [0] initialServices
INFO  16:09:20.866 o.r.monitor.ProvisionMonitorImpl - Deploying Operational String [com.travellinck]
DEBUG 16:09:21.898 org.rioproject.monitor - Deployment [com.travellinck] using exporter JrmpExporter[0,null,null]
DEBUG 16:09:21.951 org.rioproject.monitor.services - ServiceElementManager.verify(): [com.travellinck/WebServicePublisher] actual [0], pending [0], maintain [1]
DEBUG 16:09:21.959 o.r.monitor.tasks.ProvisionTask - Allocating  [com.travellinck/WebServicePublisher] ...
DEBUG 16:09:21.964 org.rioproject.monitor.services - ServiceElementManager.verify(): [com.travellinck/com.travellinck.Space] actual [0], pending [0], maintain [1]
DEBUG 16:09:21.966 o.r.monitor.tasks.ProvisionTask - Allocating  [com.travellinck/com.travellinck.Space] ...
DEBUG 16:09:21.980 org.rioproject.monitor.services - ServiceElementManager.verify(): [com.travellinck/TransactionManager] actual [0], pending [0], maintain [1]
DEBUG 16:09:21.983 o.r.monitor.tasks.ProvisionTask - Allocating  [com.travellinck/TransactionManager] ...
DEBUG 16:09:21.990 org.rioproject.monitor.services - ServiceElementManager.verify(): [com.travellinck/com.travellinck.TransactionUtility] actual [0], pending [0], maintain [1]
DEBUG 16:09:21.993 o.r.monitor.tasks.ProvisionTask - Allocating  [com.travellinck/com.travellinck.TransactionUtility] ...
DEBUG 16:09:21.999 org.rioproject.monitor.services - ServiceElementManager.verify(): [com.travellinck/com.travellinck.ScheduledPublisher] actual [0], pending [0], maintain [1]
DEBUG 16:09:22.004 o.r.monitor.tasks.ProvisionTask - Allocating  [com.travellinck/com.travellinck.ScheduledPublisher] ...
DEBUG 16:09:22.004 org.rioproject.monitor.services - ServiceElementManager.verify(): [com.travellinck/com.travellinck.space.admin.Query] actual [0], pending [0], maintain [1]
INFO  16:09:22.005 org.rioproject.cybernode.loader - Instantiating [com.travellinck/com.travellinck.Space, instance:1]
INFO  16:09:22.005 org.rioproject.cybernode.loader - Instantiating [com.travellinck/TransactionManager, instance:1]
INFO  16:09:22.005 org.rioproject.cybernode.loader - Instantiating [com.travellinck/WebServicePublisher, instance:1]
DEBUG 16:09:22.009 o.r.monitor.tasks.ProvisionTask - Allocating  [com.travellinck/com.travellinck.space.admin.Query] ...
INFO  16:09:22.010 org.rioproject.cybernode.loader - Instantiating [com.travellinck/com.travellinck.TransactionUtility, instance:1]
DEBUG 16:09:22.029 org.rioproject.monitor.services - ServiceElementManager.verify(): [com.travellinck/com.travellinck.CleanupWorker] actual [0], pending [0], maintain [1]
DEBUG 16:09:22.031 o.r.monitor.tasks.ProvisionTask - Allocating  [com.travellinck/com.travellinck.CleanupWorker] ...
INFO  16:09:22.037 org.rioproject.cybernode.loader - Instantiating [com.travellinck/com.travellinck.space.admin.Query, instance:1]
INFO  16:09:22.042 org.rioproject.cybernode.loader - Instantiating [com.travellinck/com.travellinck.ScheduledPublisher, instance:1]
INFO  16:09:22.055 org.rioproject.cybernode.loader - Instantiating [com.travellinck/com.travellinck.CleanupWorker, instance:1]
INFO  16:09:22.101 o.r.cybernode.ServiceBeanLoader - Resolve com.travellinck.infrastructure:transaction-components:1.0 using these repositories [http://www.rio-project.org/maven2, https://repository.jboss.org/nexus/content/groups/public-jboss/, http://download.eclipse.org/rt/eclipselink/maven.repo, http://repo1.maven.org/maven2/, http://10.10.7.12:9010]
INFO  16:09:22.781 o.r.cybernode.ServiceBeanLoader - Resolve com.travellinck.infrastructure:web-services-binding-components:1.0 using these repositories [http://www.rio-project.org/maven2, https://repository.jboss.org/nexus/content/groups/public-jboss/, http://download.eclipse.org/rt/eclipselink/maven.repo, http://repo1.maven.org/maven2/, http://10.10.7.12:9010]
DEBUG 16:09:22.981 org.rioproject.cybernode.JSBDelegate - Set EventHandler [org.rioproject.event.DispatchEventHandler] for SLAManagement for service com.travellinck.TransactionUtility
INFO  16:09:22.994 o.rioproject.cybernode.CybernodeImpl - Instantiated [com.travellinck/com.travellinck.TransactionUtility, instance:1], [groups: jboss], total services active: 1
INFO  16:09:23.008 o.r.monitor.tasks.ProvisionTask - Allocated [com.travellinck/com.travellinck.TransactionUtility]
INFO  16:09:23.019 org.rioproject.monitor.services - [com.travellinck/com.travellinck.TransactionUtility] service provisioned, instanceId=[1], type=[DYNAMIC], have [1] service instances
INFO  16:09:24.771 o.r.cybernode.ServiceBeanLoader - Resolve com.travellinck.infrastructure:javaspaces-admin-components:1.0 using these repositories [http://www.rio-project.org/maven2, https://repository.jboss.org/nexus/content/groups/public-jboss/, http://download.eclipse.org/rt/eclipselink/maven.repo, http://repo1.maven.org/maven2/, http://10.10.7.12:9010]
DEBUG 16:09:24.881 c.t.c.w.p.AssociatedServicesPublisher - Injected 2 configuration parameter(s)
DEBUG 16:09:24.946 org.rioproject.cybernode.JSBDelegate - Set EventHandler [org.rioproject.event.DispatchEventHandler] for SLAManagement for service WebServicePublisher
INFO  16:09:24.994 o.rioproject.cybernode.CybernodeImpl - Instantiated [com.travellinck/WebServicePublisher, instance:1], [groups: jboss], total services active: 2
INFO  16:09:24.994 c.t.c.w.p.AssociatedServicesPublisher - Starting web service publisher
INFO  16:09:25.102 c.t.c.w.publishing.container - Starting
DEBUG 16:09:25.136 c.t.c.w.publishing.container - Starting network listener: http-8088
DEBUG 16:09:25.578 c.t.c.w.p.AssociatedServicesPublisher - Tracking service 'com.travellinck.space.admin.Query', currently PENDING
DEBUG 16:09:25.596 org.rioproject.cybernode.JSBDelegate - [com.travellinck/WebServicePublisher, instance:1]: advertised
INFO  16:09:25.606 o.r.monitor.tasks.ProvisionTask - Allocated [com.travellinck/WebServicePublisher]
INFO  16:09:25.616 org.rioproject.monitor.services - [com.travellinck/WebServicePublisher] service provisioned, instanceId=[1], type=[DYNAMIC], have [1] service instances
INFO  16:09:26.096 o.r.cybernode.ServiceBeanLoader - Resolve com.travellinck.approval:approval-engine-components:1.1.8 using these repositories [http://www.rio-project.org/maven2, https://repository.jboss.org/nexus/content/groups/public-jboss/, http://download.eclipse.org/rt/eclipselink/maven.repo, http://repo1.maven.org/maven2/, http://10.10.7.12:9010]
DEBUG 16:09:26.249 org.rioproject.cybernode.JSBDelegate - Set EventHandler [org.rioproject.event.DispatchEventHandler] for SLAManagement for service com.travellinck.space.admin.Query
INFO  16:09:26.273 o.rioproject.cybernode.CybernodeImpl - Instantiated [com.travellinck/com.travellinck.space.admin.Query, instance:1], [groups: jboss], total services active: 3
INFO  16:09:26.282 o.r.monitor.tasks.ProvisionTask - Allocated [com.travellinck/com.travellinck.space.admin.Query]
INFO  16:09:26.290 org.rioproject.monitor.services - [com.travellinck/com.travellinck.space.admin.Query] service provisioned, instanceId=[1], type=[DYNAMIC], have [1] service instances
INFO  16:09:27.092 o.r.cybernode.ServiceBeanLoader - Resolve org.dancres.blitz:blitz-service:2.2.0 using these repositories [http://www.rio-project.org/maven2, https://repository.jboss.org/nexus/content/groups/public-jboss/, http://download.eclipse.org/rt/eclipselink/maven.repo, http://repo1.maven.org/maven2/, http://10.10.7.12:9010]
DEBUG 16:09:27.168 c.t.i.r.s.c.SpaceComponentAdaptor - Set space component to: com.travellinck.approval.engine.impl.cleanup.BadLeaseTimeCleanup@36b2df5
DEBUG 16:09:27.180 c.t.i.r.s.c.SpaceComponentAdaptor - Received 1 configuration parameter(s)
DEBUG 16:09:27.181 c.t.i.r.s.c.SpaceComponentAdaptor - Configuration parameters: {publishDelay=PT1M}
DEBUG 16:09:27.183 c.t.i.r.s.c.util.InjectionHelper - Attempting to inject 1 configuration parameters into target object: com.travellinck.approval.engine.impl.cleanup.BadLeaseTimeCleanup@36b2df5
DEBUG 16:09:27.193 c.t.i.r.s.c.util.InjectionHelper - Injecting publishDelay=PT1M into com.travellinck.approval.engine.impl.cleanup.BadLeaseTimeCleanup#setPublishDelay
DEBUG 16:09:27.194 c.t.a.e.i.c.BadLeaseTimeCleanup - Modified entries set to publish after: PT1M
INFO  16:09:27.350 o.r.cybernode.ServiceBeanLoader - Resolve com.travellinck.infrastructure:scheduling-components:1.1 using these repositories [http://www.rio-project.org/maven2, https://repository.jboss.org/nexus/content/groups/public-jboss/, http://download.eclipse.org/rt/eclipselink/maven.repo]
DEBUG 16:09:28.225 org.rioproject.cybernode.JSBDelegate - Set EventHandler [org.rioproject.event.DispatchEventHandler] for SLAManagement for service com.travellinck.CleanupWorker
INFO  16:09:28.233 o.r.cybernode.ServiceBeanLoader - Resolve org.apache.river:mahalo:2.2.1 using these repositories [http://www.rio-project.org/maven2, https://repository.jboss.org/nexus/content/groups/public-jboss/, http://download.eclipse.org/rt/eclipselink/maven.repo, http://repo1.maven.org/maven2/, http://10.10.7.12:9010]
INFO  16:09:28.280 o.rioproject.cybernode.CybernodeImpl - Instantiated [com.travellinck/com.travellinck.CleanupWorker, instance:1], [groups: jboss], total services active: 4
INFO  16:09:28.291 o.r.monitor.tasks.ProvisionTask - Allocated [com.travellinck/com.travellinck.CleanupWorker]
INFO  16:09:28.300 org.rioproject.monitor.services - [com.travellinck/com.travellinck.CleanupWorker] service provisioned, instanceId=[1], type=[DYNAMIC], have [1] service instances
INFO  16:09:28.360 o.rioproject.cybernode.CybernodeImpl - Instantiated [com.travellinck/TransactionManager, instance:1], [groups: jboss], total services active: 5
DEBUG 16:09:28.373 o.r.cybernode.ServiceAdvertiser - Added OperationalStringEntry [com.travellinck] for TransactionManager
DEBUG 16:09:28.376 o.r.cybernode.ServiceAdvertiser - Added Host [10.10.7.12] for TransactionManager
DEBUG 16:09:28.385 org.rioproject.cybernode.JSBDelegate - [com.travellinck/TransactionManager, instance:1]: advertised
INFO  16:09:28.396 o.r.monitor.tasks.ProvisionTask - Allocated [com.travellinck/TransactionManager]
INFO  16:09:28.411 org.rioproject.monitor.services - [com.travellinck/TransactionManager] service provisioned, instanceId=[1], type=[DYNAMIC], have [1] service instances
DEBUG 16:09:28.531 c.t.i.j.t.i.BasicTransactionUtility - Received handle to transaction manager: org.rioproject.associations.Association@1def1f1e
INFO  16:09:28.532 o.r.associations.AssociationMgmt - Advertise Service: com.travellinck/com.travellinck.TransactionUtility:1
DEBUG 16:09:28.593 org.rioproject.cybernode.JSBDelegate - Set EventHandler [org.rioproject.event.DispatchEventHandler] for SLAManagement for service com.travellinck.ScheduledPublisher
INFO  16:09:28.604 o.rioproject.cybernode.CybernodeImpl - Instantiated [com.travellinck/com.travellinck.ScheduledPublisher, instance:1], [groups: jboss], total services active: 6
DEBUG 16:09:28.605 c.t.i.r.s.c.SpaceComponentAdaptor - Set transaction manager reference to: com.travellinck.approval.engine.impl.cleanup.BadLeaseTimeCleanup@36b2df5
INFO  16:09:28.615 o.r.monitor.tasks.ProvisionTask - Allocated [com.travellinck/com.travellinck.ScheduledPublisher]
INFO  16:09:28.620 org.rioproject.monitor.services - [com.travellinck/com.travellinck.ScheduledPublisher] service provisioned, instanceId=[1], type=[DYNAMIC], have [1] service instances
INFO  16:09:35.082 o.rioproject.cybernode.CybernodeImpl - Instantiated [com.travellinck/com.travellinck.Space, instance:1], [groups: jboss], total services active: 7
WARN  16:09:35.092 o.r.cybernode.ServiceAdvertiser - Unable to obtain the OperationalStringEntry for com.travellinck.Space
WARN  16:09:35.094 o.r.cybernode.ServiceAdvertiser - Unable to obtain the Host entry for com.travellinck.Space
DEBUG 16:09:35.104 org.rioproject.cybernode.JSBDelegate - [com.travellinck/com.travellinck.Space, instance:1]: advertised
INFO  16:09:35.113 o.r.monitor.tasks.ProvisionTask - Allocated [com.travellinck/com.travellinck.Space]
INFO  16:09:35.115 org.rioproject.monitor.services - [com.travellinck/com.travellinck.Space] service provisioned, instanceId=[1], type=[DYNAMIC], have [1] service instances
DEBUG 16:09:35.301 c.t.j.s.a.query.impl.QueryService - Received reference to space: org.rioproject.associations.AssociationProxySupport@19ceb35d
INFO  16:09:35.301 o.r.associations.AssociationMgmt - Advertise Service: com.travellinck/com.travellinck.space.admin.Query:1
DEBUG 16:09:35.364 c.t.c.w.p.AssociatedServicesPublisher - Publishing service(s) for new association 'com.travellinck.space.admin.Query'
DEBUG 16:09:35.374 c.t.c.w.p.p.i.ASMPublishableProxyFactory - Generating web service proxy for: interface com.travellinck.jini.space.admin.query.Query
DEBUG 16:09:35.497 c.t.i.r.s.c.SpaceComponentAdaptor - Set space reference to: org.rioproject.associations.Association@ab552b0
INFO  16:09:35.497 o.r.associations.AssociationMgmt - Advertise Service: com.travellinck/com.travellinck.CleanupWorker:1
DEBUG 16:09:35.510 c.t.i.r.s.c.SpaceComponentAdaptor - Starting worker: com.travellinck.CleanupWorker
DEBUG 16:09:35.511 c.t.i.j.s.c.c.i.SimpleEntryConduit - Starting conduit between space org.dancres.blitz.remote.ConstrainableBlitzProxy@4e4d100f and worker com.travellinck.CleanupWorker
DEBUG 16:09:35.604 c.t.c.w.p.AssociatedServicesPublisher - Generated 1 web service adaptor(s) for: com.travellinck.space.admin.Query
INFO  16:09:35.606 c.t.c.w.publishing.container - Publishing REST service ws.proxy.com.travellinck.jini.space.admin.query.Query@5fa05dda to [http://0.0.0.0:8088/query]
INFO  16:09:35.621 org.hibernate.validator.util.Version - Hibernate Validator 4.2.0.Final
DEBUG 16:09:36.104 c.t.i.j.s.c.c.i.SimpleEntryConduit - Opening: EntryBiValve [com.travellinck.approval.engine.impl.cleanup.BadLeaseTimeCleanup@36b2df5 <--> org.dancres.blitz.remote.ConstrainableBlitzProxy@4e4d100f]: takeWebEvaluation <- [com.travellinck.approval.engine.impl.evaluation.evaluator.web.WebEvaluation(id=null, templateProducer=null, binding=null, waitUpTo=forever)]
DEBUG 16:09:36.107 c.t.i.j.s.c.c.i.SimpleEntryConduit - Opening: EntryBiValve [com.travellinck.approval.engine.impl.cleanup.BadLeaseTimeCleanup@36b2df5 <--> org.dancres.blitz.remote.ConstrainableBlitzProxy@4e4d100f]: takeApprovalConcluded <- [com.travellinck.approval.engine.ApprovalConcludedEvent(id=null, templateProducer=null, binding=null, waitUpTo=forever)]
INFO  16:09:36.107 c.t.i.r.s.c.SpaceComponentAdaptor - Started worker: com.travellinck.CleanupWorker
DEBUG 16:09:36.110 c.t.i.r.s.c.SpaceComponentAdaptor - Registering watches for: com.travellinck.approval.engine.impl.cleanup.BadLeaseTimeCleanup@36b2df5
INFO  16:09:36.196 o.r.associations.AssociationMgmt - Advertise Service: com.travellinck/com.travellinck.ScheduledPublisher:1
DEBUG 16:09:36.198 c.t.i.j.s.s.i.PublishLaterRequestHandler - Starting
DEBUG 16:09:36.201 c.t.i.j.s.s.i.PublishLaterRequestHandler - Looking for previously scheduled tasks (shutdown/crash recovery)
INFO  16:09:36.203 c.t.i.j.s.s.i.PublishLaterRequestHandler - Started
DEBUG 16:09:36.310 c.t.i.j.s.s.i.PublishLaterRequestHandler - Found ActivelyScheduledEventPublication 8ba756b4-8ab4-461a-a5af-0b8b49e7e40f, re-scheduling 
DEBUG 16:09:36.311 c.t.i.j.s.s.i.PublishLaterRequestHandler - Scheduling to publish after 86167277ms
DEBUG 16:09:36.322 c.t.i.j.s.s.i.PublishLaterRequestHandler - Found ActivelyScheduledEventPublication 221e5b1a-ae90-4a7b-8ccf-171e8e5c9074, re-scheduling 
DEBUG 16:09:36.322 c.t.i.j.s.s.i.PublishLaterRequestHandler - Scheduling to publish after 6227423678ms
DEBUG 16:09:36.326 c.t.i.j.s.s.i.PublishLaterRequestHandler - Found ActivelyScheduledEventPublication 90c0412f-8a68-41b1-9fca-ef976db08fc2, re-scheduling 
DEBUG 16:09:36.327 c.t.i.j.s.s.i.PublishLaterRequestHandler - Scheduling to publish after 84953610ms
DEBUG 16:09:36.331 c.t.i.j.s.s.i.PublishLaterRequestHandler - Found ActivelyScheduledEventPublication 8ab65eae-cb3d-4cf3-9a0e-15150373bf1c, re-scheduling 
DEBUG 16:09:36.331 c.t.i.j.s.s.i.PublishLaterRequestHandler - Scheduling to publish after 3171023669ms
INFO  16:09:36.334 c.t.i.j.s.s.i.PublishLaterRequestHandler - Shutdown/crash recovery complete (recovered 4 schedules)
DEBUG 16:09:36.334 c.t.i.j.s.s.i.PublishLaterRequestHandler - Start processing of Scheduling requests
DEBUG 16:09:36.741 c.t.i.j.s.c.c.i.SimpleEntryBivalve - BadLeaseTimeCleanup.takeWebEvaluation: took from space <- WebEvaluation  (id=fa108e10-7c97-4a45-9cb6-0ecd4b1e36f2, startedBy=EvaluateRequest isRetry=false, evaluationRequest.id=c7e679f6-e36e-4c27-b675-a49b0fb6b91d via=http, contactChannel=http://uat.travellinck.com/approvalevaluation/resources/evaluation/c7e679f6-e36e-4c27-b675-a49b0fb6b91d, organisation=http://www.travellinck.com, routing=http://www.travellinck.com (id=fa108e10-7c97-4a45-9cb6-0ecd4b1e36f2, sourceProcess=c7e679f6-e36e-4c27-b675-a49b0fb6b91d, sourceComponent=null, traceId=436a804a-951f-49f3-91b5-74f7ca36ec32, createdAt=Wed Jun 24 16:05:44 SAST 2015), traceId=436a804a-951f-49f3-91b5-74f7ca36ec32)
TRACE 16:09:36.744 c.t.i.j.s.c.c.i.LeaseTimeCalculator - Calculating lease time for an entry of type com.travellinck.approval.engine.impl.evaluation.evaluator.web.WebEvaluation
TRACE 16:09:36.744 c.t.i.j.s.c.c.i.LeaseTimeCalculator - Examining field: evaluationRequestId
TRACE 16:09:36.747 c.t.i.j.s.c.c.i.LeaseTimeCalculator - Examining field: startedBy
TRACE 16:09:36.750 c.t.i.j.s.c.c.i.LeaseTimeCalculator - Examining field: ownerComponent
TRACE 16:09:36.753 c.t.i.j.s.c.c.i.LeaseTimeCalculator - Examining field: id
TRACE 16:09:36.768 c.t.i.j.s.c.c.i.LeaseTimeCalculator - Examining field: createdAt
TRACE 16:09:36.770 c.t.i.j.s.c.c.i.LeaseTimeCalculator - Examining field: expireAfter
TRACE 16:09:36.771 c.t.i.j.s.c.c.i.LeaseTimeCalculator - Obtaining lease from field @LeaseFor java.lang.Long expireAfter
TRACE 16:09:36.772 c.t.i.j.s.c.c.i.LeaseTimeCalculator - Examining field: expireAt
TRACE 16:09:36.773 c.t.i.j.s.c.c.i.LeaseTimeCalculator - Obtaining lease from field @LeaseUntil java.util.Calendar expireAt
TRACE 16:09:36.773 c.t.i.j.s.c.c.i.LeaseTimeCalculator - Examining field: traceId
TRACE 16:09:36.773 c.t.i.j.s.c.c.i.LeaseTimeCalculator - Examining field: state
TRACE 16:09:36.774 c.t.i.j.s.c.c.i.LeaseTimeCalculator - com.travellinck.approval.engine.impl.evaluation.evaluator.web.WebEvaluation has lease time 86166815
INFO  16:09:36.776 c.t.a.e.i.c.BadLeaseTimeCleanup - Counts (WebEvaluation)	Rem: 0	 Upd: 1	 Unm: 0
DEBUG 16:09:36.778 c.t.i.j.s.c.c.i.SimpleEntryBivalve - Validating 1 Entry objects
ERROR 16:09:37.171 c.t.i.j.s.c.c.i.SimpleEntryBivalve - com.travellinck.approval.engine.impl.cleanup.BadLeaseTimeCleanup#takeWebEvaluation produced invalid output: [PublishLaterRequestEntry.id: may not be null]
TRACE 16:09:37.171 c.t.i.j.s.c.c.i.LeaseTimeCalculator - Calculating lease time for an entry of type com.travellinck.infrastructure.jini.space.scheduling.PublishLaterRequestEntry
TRACE 16:09:37.172 c.t.i.j.s.c.c.i.LeaseTimeCalculator - Examining field: entry
TRACE 16:09:37.172 c.t.i.j.s.c.c.i.LeaseTimeCalculator - Examining field: writeAt
TRACE 16:09:37.172 c.t.i.j.s.c.c.i.LeaseTimeCalculator - Examining field: writeAfterMS
TRACE 16:09:37.172 c.t.i.j.s.c.c.i.LeaseTimeCalculator - Examining field: id
TRACE 16:09:37.173 c.t.i.j.s.c.c.i.LeaseTimeCalculator - Examining field: sourceProcess
TRACE 16:09:37.173 c.t.i.j.s.c.c.i.LeaseTimeCalculator - Examining field: sourceComponent
TRACE 16:09:37.173 c.t.i.j.s.c.c.i.LeaseTimeCalculator - Examining field: createdAt
TRACE 16:09:37.174 c.t.i.j.s.c.c.i.LeaseTimeCalculator - Examining field: traceId
TRACE 16:09:37.174 c.t.i.j.s.c.c.i.LeaseTimeCalculator - Examining field: expireAfter
TRACE 16:09:37.174 c.t.i.j.s.c.c.i.LeaseTimeCalculator - Obtaining lease from field @LeaseFor java.lang.Long expireAfter
TRACE 16:09:37.174 c.t.i.j.s.c.c.i.LeaseTimeCalculator - Examining field: expireAt
TRACE 16:09:37.175 c.t.i.j.s.c.c.i.LeaseTimeCalculator - Obtaining lease from field @LeaseUntil java.util.Calendar expireAt
TRACE 16:09:37.175 c.t.i.j.s.c.c.i.LeaseTimeCalculator - com.travellinck.infrastructure.jini.space.scheduling.PublishLaterRequestEntry has lease time 9223372036854775807
DEBUG 16:09:37.266 c.t.i.j.s.c.c.i.SimpleEntryBivalve - BadLeaseTimeCleanup.takeWebEvaluation: wrote to space -> PublishLaterRequestEntry Schedule request: com.travellinck.approval.engine.impl.evaluation.evaluator.web.WebEvaluation [writeAt=null, writeAfterMS=60000] (lease for 9223372036854775807ms)
DEBUG 16:09:37.858 c.t.i.j.s.s.i.PublishLaterRequestHandler - Received scheduling request: Schedule request: com.travellinck.approval.engine.impl.evaluation.evaluator.web.WebEvaluation [writeAt=null, writeAfterMS=60000]
DEBUG 16:09:37.897 c.t.i.j.s.s.i.PublishLaterRequestHandler - Published schedule info: Scheduled: Schedule request: com.travellinck.approval.engine.impl.evaluation.evaluator.web.WebEvaluation [writeAt=null, writeAfterMS=60000](scheduleRequestId=null)
DEBUG 16:09:37.897 c.t.i.j.s.s.i.PublishLaterRequestHandler - Scheduling to publish after 60000ms
DEBUG 16:09:45.923 c.t.j.s.a.query.impl.QueryService - ENTRY: Scheduled: Schedule request: com.travellinck.approval.engine.impl.evaluation.liason.events.EvaluationResponseRequiredByReached [writeAt=Thu Jun 25 16:05:43 SAST 2015, writeAfterMS=null](scheduleRequestId=8ba756b4-8ab4-461a-a5af-0b8b49e7e40f)
INFO  16:09:45.923 c.t.j.s.a.query.impl.QueryService - Count for com.travellinck.infrastructure.jini.space.scheduling.impl.ActivelyScheduledEventPublication = 1
DEBUG 16:09:45.932 c.t.j.s.a.query.impl.QueryService - ENTRY: Scheduled: Schedule request: com.travellinck.approval.engine.impl.director.events.ApprovalRequestConclusionTimeReached [writeAt=Fri Sep 04 18:00:00 GMT+02:00 2015, writeAfterMS=null](scheduleRequestId=221e5b1a-ae90-4a7b-8ccf-171e8e5c9074)
INFO  16:09:45.932 c.t.j.s.a.query.impl.QueryService - Count for com.travellinck.infrastructure.jini.space.scheduling.impl.ActivelyScheduledEventPublication = 2
DEBUG 16:09:45.936 c.t.j.s.a.query.impl.QueryService - ENTRY: Scheduled: Schedule request: com.travellinck.approval.engine.impl.evaluation.liason.events.EvaluationResponseRequiredByReached [writeAt=Thu Jun 25 15:45:29 SAST 2015, writeAfterMS=null](scheduleRequestId=90c0412f-8a68-41b1-9fca-ef976db08fc2)
INFO  16:09:45.936 c.t.j.s.a.query.impl.QueryService - Count for com.travellinck.infrastructure.jini.space.scheduling.impl.ActivelyScheduledEventPublication = 3
DEBUG 16:09:45.940 c.t.j.s.a.query.impl.QueryService - ENTRY: Scheduled: Schedule request: com.travellinck.approval.engine.impl.director.events.ApprovalRequestConclusionTimeReached [writeAt=Fri Jul 31 09:00:00 GMT+02:00 2015, writeAfterMS=null](scheduleRequestId=8ab65eae-cb3d-4cf3-9a0e-15150373bf1c)
INFO  16:09:45.940 c.t.j.s.a.query.impl.QueryService - Count for com.travellinck.infrastructure.jini.space.scheduling.impl.ActivelyScheduledEventPublication = 4
DEBUG 16:09:46.491 c.t.j.s.a.query.impl.QueryService - ENTRY: Scheduled: Schedule request: com.travellinck.approval.engine.impl.evaluation.evaluator.web.WebEvaluation [writeAt=null, writeAfterMS=60000](scheduleRequestId=null)
INFO  16:09:46.491 c.t.j.s.a.query.impl.QueryService - Count for com.travellinck.infrastructure.jini.space.scheduling.impl.ActivelyScheduledEventPublication = 5
DEBUG 16:09:46.561 c.t.j.s.a.query.impl.QueryService - ENTRY:  (id=f732d092-eba8-4c97-a123-43229a8712ad, startedBy=EvaluateRequest isRetry=false, evaluationRequest.id=c7e679f6-e36e-4c27-b675-a49b0fb6b91d via=sms, contactChannel=sms:0826712564 (Work), organisation=http://www.travellinck.com, routing=http://www.travellinck.com (id=f732d092-eba8-4c97-a123-43229a8712ad, sourceProcess=c7e679f6-e36e-4c27-b675-a49b0fb6b91d, sourceComponent=null, traceId=436a804a-951f-49f3-91b5-74f7ca36ec32, createdAt=Wed Jun 24 16:05:44 SAST 2015), traceId=436a804a-951f-49f3-91b5-74f7ca36ec32, messageExchangeId=516a9a35-90a5-4d68-a0ae-e2d7aab02f86, evaluationRequestId=c7e679f6-e36e-4c27-b675-a49b0fb6b91d)
INFO  16:09:46.561 c.t.j.s.a.query.impl.QueryService - Count for com.travellinck.approval.engine.impl.evaluation.evaluator.sms.ShortMessageEvaluation = 1
DEBUG 16:09:47.458 c.t.j.s.a.query.impl.QueryService - ENTRY:  (id=228b262d-6493-4a49-9dd0-d80eb3283336, startedBy=EvaluateRequest isRetry=false, evaluationRequest.id=7e521bf1-8d7d-4c4a-a040-69ed4c2fb1fa via=sms, contactChannel=sms:0826712564 (Work), organisation=http://www.travellinck.com, routing=http://www.travellinck.com (id=228b262d-6493-4a49-9dd0-d80eb3283336, sourceProcess=7e521bf1-8d7d-4c4a-a040-69ed4c2fb1fa, sourceComponent=null, traceId=97e56341-2ef4-43c0-8586-b51e33f2bb43, createdAt=Wed Jun 24 15:45:31 SAST 2015), traceId=97e56341-2ef4-43c0-8586-b51e33f2bb43, messageExchangeId=65a65cf5-6563-4cdb-baf7-04b189c194ff, evaluationRequestId=7e521bf1-8d7d-4c4a-a040-69ed4c2fb1fa)
INFO  16:09:47.458 c.t.j.s.a.query.impl.QueryService - Count for com.travellinck.approval.engine.impl.evaluation.evaluator.sms.ShortMessageEvaluation = 2
DEBUG 16:09:48.131 c.t.j.s.a.query.impl.QueryService - ENTRY: Short Message Exchange (Message Exchange ID: 516a9a35-90a5-4d68-a0ae-e2d7aab02f86, From: MobileUser (Name: TravelLinck Approval, Mobile Number: 44987), To: MobileUser (Name: Sgt.. Test Sergeant, Mobile Number: 27826712564), Sent Message: TRAVEL APPROVAL REQUEST
G. Withey. 4 Sep 2015.
Order 16233: test, with:  test, at: test.
1 flight. 
Approx cost ZAR 1001.92. 
To Approve/Reject, reply "Yes VAF" or "No VAF" before 16:05, 25 Jun., Reply Expected: true, Reply ID: VAF, Reply Message: null, Relevant Until: Thu Jun 25 16:05:43 SAST 2015, Status: SENT)
INFO  16:09:48.132 c.t.j.s.a.query.impl.QueryService - Count for com.travellinck.supplier.clickatell.adaptor.ShortMessageExchange = 1
DEBUG 16:09:48.135 c.t.j.s.a.query.impl.QueryService - ENTRY: Short Message Exchange (Message Exchange ID: 65a65cf5-6563-4cdb-baf7-04b189c194ff, From: MobileUser (Name: TravelLinck Approval, Mobile Number: 44987), To: MobileUser (Name: Sgt.. Test Sergeant, Mobile Number: 27826712564), Sent Message: TRAVEL APPROVAL REQUEST
G. Withey. 31 Jul 2015.
Order 16231: asdsad, with:  asdasd, at: asd.
1 flight. 
Approx cost ZAR 944.92. 
To Approve/Reject, reply "Yes 8ZI" or "No 8ZI" before 15:45, 25 Jun., Reply Expected: true, Reply ID: 8ZI, Reply Message: null, Relevant Until: Thu Jun 25 15:45:29 SAST 2015, Status: SENT)
INFO  16:09:48.135 c.t.j.s.a.query.impl.QueryService - Count for com.travellinck.supplier.clickatell.adaptor.ShortMessageExchange = 2
DEBUG 16:09:48.227 c.t.j.s.a.query.impl.QueryService - ENTRY: ApprovalProcessStateEntry  (id=4a314d28-08be-4970-a182-9a87d7679d68, startedBy=ApprovalRequest requiredConclusionTime=Fri Jul 31 09:00:00 GMT+02:00 2015, messageToEvaluator=, businessRequest=com.travellinck.transit._2008a.corporate.CorporateTravelRequest (instance), supportingInfo=1 item(s), organisation=http://www.travellinck.com, resubmissionOf=null, requestedBy=Mr. Graham Withey - goes by 'Graham' (uri:http://www.travellinck.com/person/42545) , Employed by http://www.travellinck.com, staff code (none), contact: [tel:0112364901 (Work), mailto:graham@travellinck.com], evaluationStrategy=Nominated evaluation strategy, nomination: AllOf[AnyOf[IndividualNomination: Sgt.. Test Sergeant (uri:http://www.travellinck.com/person/62024) , Employed by http://www.travellinck.com, staff code , contact: [mailto:graham@travellinck.com (Work), tel:0826712564 (Work), sms:0826712564 (Work)]]], clientUri=null (id=4a314d28-08be-4970-a182-9a87d7679d68, sourceProcess=null, sourceComponent=http://www.travellinck.com/corporate, traceId=97e56341-2ef4-43c0-8586-b51e33f2bb43, createdAt=Wed Jun 24 15:45:23 SAST 2015), traceId=97e56341-2ef4-43c0-8586-b51e33f2bb43)4a314d28-08be-4970-a182-9a87d7679d68 for organisation http://www.travellinck.com
INFO  16:09:48.227 c.t.j.s.a.query.impl.QueryService - Count for com.travellinck.approval.engine.impl.director.state.ApprovalProcessStateEntry = 1
DEBUG 16:09:48.288 c.t.j.s.a.query.impl.QueryService - ENTRY: ApprovalProcessStateEntry  (id=3d6b47f6-d148-4afd-b2f2-6f4097683e91, startedBy=ApprovalRequest requiredConclusionTime=Fri Sep 04 18:00:00 GMT+02:00 2015, messageToEvaluator=, businessRequest=com.travellinck.transit._2008a.corporate.CorporateTravelRequest (instance), supportingInfo=1 item(s), organisation=http://www.travellinck.com, resubmissionOf=null, requestedBy=Mr. Graham Withey - goes by 'Graham' (uri:http://www.travellinck.com/person/42545) , Employed by http://www.travellinck.com, staff code (none), contact: [tel:0112364901 (Work), mailto:graham@travellinck.com], evaluationStrategy=Nominated evaluation strategy, nomination: AllOf[AnyOf[IndividualNomination: Sgt.. Test Sergeant (uri:http://www.travellinck.com/person/62024) , Employed by http://www.travellinck.com, staff code , contact: [mailto:graham@travellinck.com (Work), tel:0826712564 (Work), sms:0826712564 (Work)]]], clientUri=null (id=3d6b47f6-d148-4afd-b2f2-6f4097683e91, sourceProcess=null, sourceComponent=http://www.travellinck.com/corporate, traceId=436a804a-951f-49f3-91b5-74f7ca36ec32, createdAt=Wed Jun 24 16:05:38 SAST 2015), traceId=436a804a-951f-49f3-91b5-74f7ca36ec32)3d6b47f6-d148-4afd-b2f2-6f4097683e91 for organisation http://www.travellinck.com
INFO  16:09:48.288 c.t.j.s.a.query.impl.QueryService - Count for com.travellinck.approval.engine.impl.director.state.ApprovalProcessStateEntry = 2
DEBUG 16:09:48.349 c.t.j.s.a.query.impl.QueryService - ENTRY:  (id=50d97b54-9b2e-4146-ac8f-908b867c4141, startedBy=EvaluateRequest isRetry=false, evaluationRequest.id=c7e679f6-e36e-4c27-b675-a49b0fb6b91d via=mailto, contactChannel=mailto:graham@travellinck.com (Work), organisation=http://www.travellinck.com, routing=http://www.travellinck.com (id=50d97b54-9b2e-4146-ac8f-908b867c4141, sourceProcess=c7e679f6-e36e-4c27-b675-a49b0fb6b91d, sourceComponent=null, traceId=436a804a-951f-49f3-91b5-74f7ca36ec32, createdAt=Wed Jun 24 16:05:44 SAST 2015), traceId=436a804a-951f-49f3-91b5-74f7ca36ec32, mailId=50d97b54-9b2e-4146-ac8f-908b867c4141, evaluationRequestId=c7e679f6-e36e-4c27-b675-a49b0fb6b91d)
INFO  16:09:48.350 c.t.j.s.a.query.impl.QueryService - Count for com.travellinck.approval.engine.impl.evaluation.evaluator.email.EMailEvaluation = 1
DEBUG 16:09:48.419 c.t.j.s.a.query.impl.QueryService - ENTRY:  (id=4b399e78-e9da-4a37-8c8a-d6cf69777dd9, startedBy=EvaluateRequest isRetry=false, evaluationRequest.id=7e521bf1-8d7d-4c4a-a040-69ed4c2fb1fa via=mailto, contactChannel=mailto:graham@travellinck.com (Work), organisation=http://www.travellinck.com, routing=http://www.travellinck.com (id=4b399e78-e9da-4a37-8c8a-d6cf69777dd9, sourceProcess=7e521bf1-8d7d-4c4a-a040-69ed4c2fb1fa, sourceComponent=null, traceId=97e56341-2ef4-43c0-8586-b51e33f2bb43, createdAt=Wed Jun 24 15:45:31 SAST 2015), traceId=97e56341-2ef4-43c0-8586-b51e33f2bb43, mailId=4b399e78-e9da-4a37-8c8a-d6cf69777dd9, evaluationRequestId=7e521bf1-8d7d-4c4a-a040-69ed4c2fb1fa)
INFO  16:09:48.419 c.t.j.s.a.query.impl.QueryService - Count for com.travellinck.approval.engine.impl.evaluation.evaluator.email.EMailEvaluation = 2
DEBUG 16:09:48.497 c.t.j.s.a.query.impl.QueryService - ENTRY:  (id=7e521bf1-8d7d-4c4a-a040-69ed4c2fb1fa, startedBy=EvaluationRequest organisation=http://www.travellinck.com, routing=http://www.travellinck.com, responseRequiredBy=Thu Jun 25 15:45:29 SAST 2015, evaluator=Sgt.. Test Sergeant (uri:http://www.travellinck.com/person/62024) , Employed by http://www.travellinck.com, staff code , contact: [mailto:graham@travellinck.com (Work), tel:0826712564 (Work), sms:0826712564 (Work)], approvalRequest.id=4a314d28-08be-4970-a182-9a87d7679d68, evaluationHistory=0 event(s) (id=7e521bf1-8d7d-4c4a-a040-69ed4c2fb1fa, sourceProcess=4a314d28-08be-4970-a182-9a87d7679d68, sourceComponent=null, traceId=97e56341-2ef4-43c0-8586-b51e33f2bb43, createdAt=Wed Jun 24 15:45:30 SAST 2015), traceId=97e56341-2ef4-43c0-8586-b51e33f2bb43)
INFO  16:09:48.498 c.t.j.s.a.query.impl.QueryService - Count for com.travellinck.approval.engine.impl.evaluation.liason.LiaisonProcess = 1
DEBUG 16:09:48.559 c.t.j.s.a.query.impl.QueryService - ENTRY:  (id=c7e679f6-e36e-4c27-b675-a49b0fb6b91d, startedBy=EvaluationRequest organisation=http://www.travellinck.com, routing=http://www.travellinck.com, responseRequiredBy=Thu Jun 25 16:05:43 SAST 2015, evaluator=Sgt.. Test Sergeant (uri:http://www.travellinck.com/person/62024) , Employed by http://www.travellinck.com, staff code , contact: [mailto:graham@travellinck.com (Work), tel:0826712564 (Work), sms:0826712564 (Work)], approvalRequest.id=3d6b47f6-d148-4afd-b2f2-6f4097683e91, evaluationHistory=0 event(s) (id=c7e679f6-e36e-4c27-b675-a49b0fb6b91d, sourceProcess=3d6b47f6-d148-4afd-b2f2-6f4097683e91, sourceComponent=null, traceId=436a804a-951f-49f3-91b5-74f7ca36ec32, createdAt=Wed Jun 24 16:05:44 SAST 2015), traceId=436a804a-951f-49f3-91b5-74f7ca36ec32)
INFO  16:09:48.560 c.t.j.s.a.query.impl.QueryService - Count for com.travellinck.approval.engine.impl.evaluation.liason.LiaisonProcess = 2
DEBUG 16:10:37.985 c.t.i.j.s.s.i.PublishLaterRequestHandler - Retrieved schedule info to confirm publication: Scheduled: Schedule request: com.travellinck.approval.engine.impl.evaluation.evaluator.web.WebEvaluation [writeAt=null, writeAfterMS=60000](scheduleRequestId=null)
TRACE 16:10:37.987 c.t.i.j.s.c.c.i.LeaseTimeCalculator - Calculating lease time for an entry of type com.travellinck.approval.engine.impl.evaluation.evaluator.web.WebEvaluation
TRACE 16:10:37.987 c.t.i.j.s.c.c.i.LeaseTimeCalculator - Examining field: evaluationRequestId
TRACE 16:10:37.989 c.t.i.j.s.c.c.i.LeaseTimeCalculator - Examining field: startedBy
TRACE 16:10:37.992 c.t.i.j.s.c.c.i.LeaseTimeCalculator - Examining field: ownerComponent
TRACE 16:10:37.994 c.t.i.j.s.c.c.i.LeaseTimeCalculator - Examining field: id
TRACE 16:10:38.003 c.t.i.j.s.c.c.i.LeaseTimeCalculator - Examining field: createdAt
TRACE 16:10:38.005 c.t.i.j.s.c.c.i.LeaseTimeCalculator - Examining field: expireAfter
TRACE 16:10:38.006 c.t.i.j.s.c.c.i.LeaseTimeCalculator - Obtaining lease from field @LeaseFor java.lang.Long expireAfter
TRACE 16:10:38.007 c.t.i.j.s.c.c.i.LeaseTimeCalculator - Examining field: expireAt
TRACE 16:10:38.009 c.t.i.j.s.c.c.i.LeaseTimeCalculator - Obtaining lease from field @LeaseUntil java.util.Calendar expireAt
TRACE 16:10:38.009 c.t.i.j.s.c.c.i.LeaseTimeCalculator - Examining field: traceId
TRACE 16:10:38.009 c.t.i.j.s.c.c.i.LeaseTimeCalculator - Examining field: state
TRACE 16:10:38.010 c.t.i.j.s.c.c.i.LeaseTimeCalculator - com.travellinck.approval.engine.impl.evaluation.evaluator.web.WebEvaluation has lease time 86105579
DEBUG 16:10:38.029 c.t.i.j.s.s.i.PublishLaterRequestHandler - PublishLaterRequestHandler: wrote to space -> WebEvaluation  (id=fa108e10-7c97-4a45-9cb6-0ecd4b1e36f2, startedBy=EvaluateRequest isRetry=false, evaluationRequest.id=c7e679f6-e36e-4c27-b675-a49b0fb6b91d via=http, contactChannel=http://uat.travellinck.com/approvalevaluation/resources/evaluation/c7e679f6-e36e-4c27-b675-a49b0fb6b91d, organisation=http://www.travellinck.com, routing=http://www.travellinck.com (id=fa108e10-7c97-4a45-9cb6-0ecd4b1e36f2, sourceProcess=c7e679f6-e36e-4c27-b675-a49b0fb6b91d, sourceComponent=null, traceId=436a804a-951f-49f3-91b5-74f7ca36ec32, createdAt=Wed Jun 24 16:05:44 SAST 2015), traceId=436a804a-951f-49f3-91b5-74f7ca36ec32) (lease for 86105579ms)
DEBUG 16:10:38.252 c.t.i.j.s.c.c.i.SimpleEntryBivalve - BadLeaseTimeCleanup.takeWebEvaluation: took from space <- WebEvaluation  (id=fa108e10-7c97-4a45-9cb6-0ecd4b1e36f2, startedBy=EvaluateRequest isRetry=false, evaluationRequest.id=c7e679f6-e36e-4c27-b675-a49b0fb6b91d via=http, contactChannel=http://uat.travellinck.com/approvalevaluation/resources/evaluation/c7e679f6-e36e-4c27-b675-a49b0fb6b91d, organisation=http://www.travellinck.com, routing=http://www.travellinck.com (id=fa108e10-7c97-4a45-9cb6-0ecd4b1e36f2, sourceProcess=c7e679f6-e36e-4c27-b675-a49b0fb6b91d, sourceComponent=null, traceId=436a804a-951f-49f3-91b5-74f7ca36ec32, createdAt=Wed Jun 24 16:05:44 SAST 2015), traceId=436a804a-951f-49f3-91b5-74f7ca36ec32)
TRACE 16:10:38.252 c.t.i.j.s.c.c.i.LeaseTimeCalculator - Calculating lease time for an entry of type com.travellinck.approval.engine.impl.evaluation.evaluator.web.WebEvaluation
TRACE 16:10:38.252 c.t.i.j.s.c.c.i.LeaseTimeCalculator - Examining field: evaluationRequestId
TRACE 16:10:38.252 c.t.i.j.s.c.c.i.LeaseTimeCalculator - Examining field: startedBy
TRACE 16:10:38.253 c.t.i.j.s.c.c.i.LeaseTimeCalculator - Examining field: ownerComponent
TRACE 16:10:38.253 c.t.i.j.s.c.c.i.LeaseTimeCalculator - Examining field: id
TRACE 16:10:38.253 c.t.i.j.s.c.c.i.LeaseTimeCalculator - Examining field: createdAt
TRACE 16:10:38.254 c.t.i.j.s.c.c.i.LeaseTimeCalculator - Examining field: expireAfter
TRACE 16:10:38.254 c.t.i.j.s.c.c.i.LeaseTimeCalculator - Obtaining lease from field @LeaseFor java.lang.Long expireAfter
TRACE 16:10:38.254 c.t.i.j.s.c.c.i.LeaseTimeCalculator - Examining field: expireAt
TRACE 16:10:38.255 c.t.i.j.s.c.c.i.LeaseTimeCalculator - Obtaining lease from field @LeaseUntil java.util.Calendar expireAt
TRACE 16:10:38.255 c.t.i.j.s.c.c.i.LeaseTimeCalculator - Examining field: traceId
TRACE 16:10:38.255 c.t.i.j.s.c.c.i.LeaseTimeCalculator - Examining field: state
TRACE 16:10:38.255 c.t.i.j.s.c.c.i.LeaseTimeCalculator - com.travellinck.approval.engine.impl.evaluation.evaluator.web.WebEvaluation has lease time 86105333
INFO  16:10:38.255 c.t.a.e.i.c.BadLeaseTimeCleanup - Counts (WebEvaluation)	Rem: 0	 Upd: 2	 Unm: 0
DEBUG 16:10:38.256 c.t.i.j.s.c.c.i.SimpleEntryBivalve - Validating 1 Entry objects
ERROR 16:10:38.256 c.t.i.j.s.c.c.i.SimpleEntryBivalve - com.travellinck.approval.engine.impl.cleanup.BadLeaseTimeCleanup#takeWebEvaluation produced invalid output: [PublishLaterRequestEntry.id: may not be null]
TRACE 16:10:38.256 c.t.i.j.s.c.c.i.LeaseTimeCalculator - Calculating lease time for an entry of type com.travellinck.infrastructure.jini.space.scheduling.PublishLaterRequestEntry
TRACE 16:10:38.256 c.t.i.j.s.c.c.i.LeaseTimeCalculator - Examining field: entry
TRACE 16:10:38.257 c.t.i.j.s.c.c.i.LeaseTimeCalculator - Examining field: writeAt
TRACE 16:10:38.257 c.t.i.j.s.c.c.i.LeaseTimeCalculator - Examining field: writeAfterMS
TRACE 16:10:38.257 c.t.i.j.s.c.c.i.LeaseTimeCalculator - Examining field: id
TRACE 16:10:38.258 c.t.i.j.s.c.c.i.LeaseTimeCalculator - Examining field: sourceProcess
TRACE 16:10:38.258 c.t.i.j.s.c.c.i.LeaseTimeCalculator - Examining field: sourceComponent
TRACE 16:10:38.258 c.t.i.j.s.c.c.i.LeaseTimeCalculator - Examining field: createdAt
TRACE 16:10:38.259 c.t.i.j.s.c.c.i.LeaseTimeCalculator - Examining field: traceId
TRACE 16:10:38.259 c.t.i.j.s.c.c.i.LeaseTimeCalculator - Examining field: expireAfter
TRACE 16:10:38.259 c.t.i.j.s.c.c.i.LeaseTimeCalculator - Obtaining lease from field @LeaseFor java.lang.Long expireAfter
TRACE 16:10:38.259 c.t.i.j.s.c.c.i.LeaseTimeCalculator - Examining field: expireAt
TRACE 16:10:38.260 c.t.i.j.s.c.c.i.LeaseTimeCalculator - Obtaining lease from field @LeaseUntil java.util.Calendar expireAt
TRACE 16:10:38.260 c.t.i.j.s.c.c.i.LeaseTimeCalculator - com.travellinck.infrastructure.jini.space.scheduling.PublishLaterRequestEntry has lease time 9223372036854775807
DEBUG 16:10:38.279 c.t.i.j.s.c.c.i.SimpleEntryBivalve - BadLeaseTimeCleanup.takeWebEvaluation: wrote to space -> PublishLaterRequestEntry Schedule request: com.travellinck.approval.engine.impl.evaluation.evaluator.web.WebEvaluation [writeAt=null, writeAfterMS=60000] (lease for 9223372036854775807ms)
DEBUG 16:10:38.434 c.t.i.j.s.s.i.PublishLaterRequestHandler - Received scheduling request: Schedule request: com.travellinck.approval.engine.impl.evaluation.evaluator.web.WebEvaluation [writeAt=null, writeAfterMS=60000]
DEBUG 16:10:38.450 c.t.i.j.s.s.i.PublishLaterRequestHandler - Published schedule info: Scheduled: Schedule request: com.travellinck.approval.engine.impl.evaluation.evaluator.web.WebEvaluation [writeAt=null, writeAfterMS=60000](scheduleRequestId=null)
DEBUG 16:10:38.451 c.t.i.j.s.s.i.PublishLaterRequestHandler - Scheduling to publish after 60000ms
DEBUG 16:10:52.363 o.r.monitor.ProvisionMonitorImpl - ProvisionMonitor: destroy() notification
INFO  16:10:52.368 o.r.monitor.ServiceProvisioner - Cybernode-29631@uat.travellinck.com @ 10.10.7.12 removed, count now [0]
DEBUG 16:10:52.370 o.r.m.m.PendingServiceElementManager - Dynamic-Service TestManager: There are no pending instances of [com.travellinck/WebServicePublisher] to remove 
DEBUG 16:10:52.384 o.r.m.m.PendingServiceElementManager - Dynamic-Service TestManager: There are no pending instances of [com.travellinck/com.travellinck.Space] to remove 
DEBUG 16:10:52.391 o.r.m.m.PendingServiceElementManager - Dynamic-Service TestManager: There are no pending instances of [com.travellinck/TransactionManager] to remove 
DEBUG 16:10:52.395 o.r.m.m.PendingServiceElementManager - Dynamic-Service TestManager: There are no pending instances of [com.travellinck/com.travellinck.TransactionUtility] to remove 
DEBUG 16:10:52.399 o.r.m.m.PendingServiceElementManager - Dynamic-Service TestManager: There are no pending instances of [com.travellinck/com.travellinck.ScheduledPublisher] to remove 
DEBUG 16:10:52.401 o.r.m.m.PendingServiceElementManager - Dynamic-Service TestManager: There are no pending instances of [com.travellinck/com.travellinck.space.admin.Query] to remove 
DEBUG 16:10:52.413 o.r.m.m.PendingServiceElementManager - Dynamic-Service TestManager: There are no pending instances of [com.travellinck/com.travellinck.CleanupWorker] to remove 
INFO  16:10:52.418 org.rioproject.monitor - OpStringManager [com.travellinck] terminated
INFO  16:10:52.433 o.rioproject.jsb.ServiceBeanAdapter - Destroy System-Core/Provision Monitor:0
WARN  16:10:52.439 o.rioproject.jsb.ServiceBeanAdapter - UnexportTask interrupted
INFO  16:10:52.441 o.r.monitor.ProvisionMonitorImpl - Destroyed Monitor
DEBUG 16:10:52.444 o.r.cybernode.ServiceConsumer - Canceling all event registrations to Provisioner instances
WARN  16:10:52.446 o.r.cybernode.ServiceConsumer - ProvisionLeaseManager: could not drop lease java.rmi.NoSuchObjectException: no such object in table
INFO  16:10:52.446 o.r.cybernode.ServiceConsumer - Dropping ProvisionManager, now connected to [0] ProvisionMonitor instances
INFO  16:10:52.458 o.rioproject.jsb.ServiceBeanAdapter - Destroy com.travellinck/com.travellinck.TransactionUtility:1
WARN  16:10:52.461 o.rioproject.jsb.ServiceBeanAdapter - UnexportTask interrupted
INFO  16:10:52.464 o.r.associations.AssociationMgmt - [com.travellinck/com.travellinck.ScheduledPublisher:1] unadvertiseOnBroken : true
DEBUG 16:10:52.466 c.t.i.j.s.s.i.PublishLaterRequestHandler - Stopping
INFO  16:10:52.467 c.t.i.j.s.s.i.PublishLaterRequestHandler - Stopped
WARN  16:10:52.467 c.t.i.j.s.s.i.PublishLaterRequestHandler - Processing has been interrupted
DEBUG 16:10:52.468 o.r.c.TransientServiceStatementManager - com.travellinck.TransactionUtility is Inactive, Removed Records
DEBUG 16:10:52.469 c.t.i.j.s.s.i.PublishLaterRequestHandler - Request processing complete (shutdown)
INFO  16:10:52.470 org.rioproject.cybernode.loader - Discarded [com.travellinck/com.travellinck.TransactionUtility, instance:1], total services active: 6
DEBUG 16:10:52.481 c.t.c.w.p.AssociatedServicesPublisher - Stopping
INFO  16:10:52.481 c.t.c.w.publishing.container - Stopping
INFO  16:10:52.498 o.rioproject.jsb.ServiceBeanAdapter - Destroy com.travellinck/WebServicePublisher:1
WARN  16:10:52.502 o.rioproject.jsb.ServiceBeanAdapter - UnexportTask interrupted
DEBUG 16:10:52.503 o.r.c.TransientServiceStatementManager - WebServicePublisher is Inactive, Removed Records
INFO  16:10:52.503 org.rioproject.cybernode.loader - Discarded [com.travellinck/WebServicePublisher, instance:1], total services active: 5
INFO  16:10:52.522 o.rioproject.jsb.ServiceBeanAdapter - Destroy com.travellinck/com.travellinck.space.admin.Query:1
WARN  16:10:52.523 o.rioproject.jsb.ServiceBeanAdapter - UnexportTask interrupted
DEBUG 16:10:52.524 o.r.c.TransientServiceStatementManager - com.travellinck.space.admin.Query is Inactive, Removed Records
INFO  16:10:52.524 org.rioproject.cybernode.loader - Discarded [com.travellinck/com.travellinck.space.admin.Query, instance:1], total services active: 3
INFO  16:10:52.537 o.rioproject.jsb.ServiceBeanAdapter - Destroy com.travellinck/com.travellinck.CleanupWorker:1
INFO  16:10:52.547 c.t.i.r.s.c.SpaceComponentAdaptor - Stopping worker: com.travellinck.approval.engine.impl.cleanup.BadLeaseTimeCleanup
DEBUG 16:10:52.548 c.t.i.j.s.c.c.i.SimpleEntryConduit - Stopping: com.travellinck.approval.engine.impl.cleanup.BadLeaseTimeCleanup
DEBUG 16:10:52.548 c.t.i.j.s.c.c.i.SimpleEntryConduit - Closing: EntryBiValve [com.travellinck.approval.engine.impl.cleanup.BadLeaseTimeCleanup@36b2df5 <--> org.dancres.blitz.remote.ConstrainableBlitzProxy@4e4d100f]: takeWebEvaluation <- [com.travellinck.approval.engine.impl.evaluation.evaluator.web.WebEvaluation(id=null, templateProducer=null, binding=null, waitUpTo=forever)]
DEBUG 16:10:52.548 c.t.i.j.s.c.c.i.SimpleEntryConduit - Closing: EntryBiValve [com.travellinck.approval.engine.impl.cleanup.BadLeaseTimeCleanup@36b2df5 <--> org.dancres.blitz.remote.ConstrainableBlitzProxy@4e4d100f]: takeApprovalConcluded <- [com.travellinck.approval.engine.ApprovalConcludedEvent(id=null, templateProducer=null, binding=null, waitUpTo=forever)]
WARN  16:10:52.548 c.t.i.j.s.c.c.i.SimpleEntryBivalve - Interrupted
DEBUG 16:10:52.548 c.t.i.r.s.c.SpaceComponentAdaptor - De-registering watches for: com.travellinck.approval.engine.impl.cleanup.BadLeaseTimeCleanup@36b2df5
WARN  16:10:52.548 c.t.i.j.s.c.c.i.SimpleEntryBivalve - Interrupted
WARN  16:10:52.548 c.t.i.r.s.c.SpaceComponentAdaptor - Error de-registering watches: null
DEBUG 16:10:52.549 c.t.i.r.s.c.SpaceComponentAdaptor - Stopped worker: com.travellinck.approval.engine.impl.cleanup.BadLeaseTimeCleanup
WARN  16:10:52.550 o.rioproject.jsb.ServiceBeanAdapter - UnexportTask interrupted
DEBUG 16:10:52.550 o.r.c.TransientServiceStatementManager - com.travellinck.CleanupWorker is Inactive, Removed Records
INFO  16:10:52.551 org.rioproject.cybernode.loader - Discarded [com.travellinck/com.travellinck.CleanupWorker, instance:1], total services active: 2
INFO  16:10:52.583 o.rioproject.jsb.ServiceBeanAdapter - Destroy com.travellinck/com.travellinck.ScheduledPublisher:1
DEBUG 16:10:52.585 c.t.i.j.s.s.i.PublishLaterRequestHandler - Stopping
INFO  16:10:52.585 c.t.i.j.s.s.i.PublishLaterRequestHandler - Stopped
WARN  16:10:52.587 o.rioproject.jsb.ServiceBeanAdapter - UnexportTask interrupted
DEBUG 16:10:52.587 o.r.c.TransientServiceStatementManager - com.travellinck.ScheduledPublisher is Inactive, Removed Records
INFO  16:10:52.588 org.rioproject.cybernode.loader - Discarded [com.travellinck/com.travellinck.ScheduledPublisher, instance:1], total services active: 0
INFO  16:10:52.588 o.rioproject.cybernode.CybernodeImpl - Cybernode: destroy() notification
DEBUG 16:10:52.593 c.t.i.j.s.c.c.i.SimpleEntryBivalve - Failed to abort transaction in response to failure (state of space may be inconsistent!)
java.rmi.NoSuchObjectException: no such object in table
	at net.jini.jeri.BasicObjectEndpoint.executeCall(BasicObjectEndpoint.java:419) ~[jsk-platform-2.2.1.jar:2.2.0]
	at net.jini.jeri.BasicInvocationHandler.invokeRemoteMethodOnce(BasicInvocationHandler.java:806) ~[jsk-platform-2.2.1.jar:2.2.0]
	at net.jini.jeri.BasicInvocationHandler.invokeRemoteMethod(BasicInvocationHandler.java:659) ~[jsk-platform-2.2.1.jar:2.2.0]
	at net.jini.jeri.BasicInvocationHandler.invoke(BasicInvocationHandler.java:528) ~[jsk-platform-2.2.1.jar:2.2.0]
	at $Proxy83.abort(Unknown Source) ~[na:na]
	at com.sun.jini.mahalo.TxnMgrProxy.abort(TxnMgrProxy.java:139) ~[na:na]
	at net.jini.core.transaction.server.ServerTransaction.abort(ServerTransaction.java:105) ~[jsk-platform-2.2.1.jar:2.2.0]
	at com.travellinck.infrastructure.jini.space.component.conduit.impl.SimpleEntryBivalve$1.call(SimpleEntryBivalve.java:188) ~[javaspaces-utilities-1.10.1.jar:na]
	at java.util.concurrent.FutureTask$Sync.innerRun(FutureTask.java:334) [na:1.7.0_07]
	at java.util.concurrent.FutureTask.run(FutureTask.java:166) [na:1.7.0_07]
	at java.util.concurrent.ThreadPoolExecutor.runWorker(ThreadPoolExecutor.java:1110) [na:1.7.0_07]
	at java.util.concurrent.ThreadPoolExecutor$Worker.run(ThreadPoolExecutor.java:603) [na:1.7.0_07]
	at java.lang.Thread.run(Thread.java:722) [na:1.7.0_07]
DEBUG 16:10:52.593 c.t.i.j.s.c.c.i.SimpleEntryBivalve - Failed to abort transaction in response to failure (state of space may be inconsistent!)
java.rmi.NoSuchObjectException: no such object in table
	at net.jini.jeri.BasicObjectEndpoint.executeCall(BasicObjectEndpoint.java:419) ~[jsk-platform-2.2.1.jar:2.2.0]
	at net.jini.jeri.BasicInvocationHandler.invokeRemoteMethodOnce(BasicInvocationHandler.java:806) ~[jsk-platform-2.2.1.jar:2.2.0]
	at net.jini.jeri.BasicInvocationHandler.invokeRemoteMethod(BasicInvocationHandler.java:659) ~[jsk-platform-2.2.1.jar:2.2.0]
	at net.jini.jeri.BasicInvocationHandler.invoke(BasicInvocationHandler.java:528) ~[jsk-platform-2.2.1.jar:2.2.0]
	at $Proxy83.abort(Unknown Source) ~[na:na]
	at com.sun.jini.mahalo.TxnMgrProxy.abort(TxnMgrProxy.java:139) ~[na:na]
	at net.jini.core.transaction.server.ServerTransaction.abort(ServerTransaction.java:105) ~[jsk-platform-2.2.1.jar:2.2.0]
	at com.travellinck.infrastructure.jini.space.component.conduit.impl.SimpleEntryBivalve$1.call(SimpleEntryBivalve.java:188) ~[javaspaces-utilities-1.10.1.jar:na]
	at java.util.concurrent.FutureTask$Sync.innerRun(FutureTask.java:334) [na:1.7.0_07]
	at java.util.concurrent.FutureTask.run(FutureTask.java:166) [na:1.7.0_07]
	at java.util.concurrent.ThreadPoolExecutor.runWorker(ThreadPoolExecutor.java:1110) [na:1.7.0_07]
	at java.util.concurrent.ThreadPoolExecutor$Worker.run(ThreadPoolExecutor.java:603) [na:1.7.0_07]
	at java.lang.Thread.run(Thread.java:722) [na:1.7.0_07]
