INFO  14:03:26.694 o.r.monitor.ProvisionMonitorImpl - 
____ _ ____
|__/ | |  |   Provision Monitor
|  \ | |__|   Version: 5.0-M3, Build: 20130709-1639

Rio Home: /opt/rio
Java version: 1.7.0_07, vendor: Oracle Corporation
Java home: /usr/java/jdk1.7.0_07/jre
DEBUG 14:03:27.092 o.r.monitor.ProvisionMonitorImpl - Bound to RMI Registry on port=1100
INFO  14:03:27.216 o.r.m.selectors.LeastActiveSelector - Created LeastActiveSelector
INFO  14:03:27.223 org.rioproject.jmx.JMXConnectionUtil - JMXServiceURL=service:jmx:rmi://10.10.7.12:1100/jndi/rmi://10.10.7.12:1100/jmxrmi
DEBUG 14:03:27.289 o.r.monitor.ProvisionMonitorImpl - Configured to scan for OAR deployments every 30 seconds
DEBUG 14:03:27.294 o.r.m.h.FileSystemOARDeployHandler - OARs will be scanned for in this directory: /opt/rio-5.0-M3/deploy
DEBUG 14:03:27.294 o.r.m.h.FileSystemOARDeployHandler - OARs will be installed into this directory: /opt/rio-5.0-M3/deploy
DEBUG 14:03:27.304 o.r.m.peer.ProvisionMonitorPeer - ProvisionMonitorPeer: No backup
DEBUG 14:03:27.364 o.r.monitor.ProvisionMonitorImpl - initialOpStrings=[], initialOpStringLoadDelay=5000
DEBUG 14:03:27.369 o.r.monitor.ProvisionMonitorImpl - Created new ServiceID: 7d42c889-f571-4256-a06c-299a673e7756
INFO  14:03:27.373 o.r.watch.ThreadDeadlockMonitor - ThreadMXBean set, monitoring current JVM for thread deadlocks
INFO  14:03:27.378 o.r.monitor.ProvisionMonitorImpl - Started Provision Monitor [jboss]
INFO  14:03:27.745 o.rioproject.cybernode.CybernodeImpl - 
____ _ ____
|__/ | |  |   Cybernode
|  \ | |__|   Version: 5.0-M3, Build: 20130709-1639

Rio Home: /opt/rio
Java version: 1.7.0_07, vendor: Oracle Corporation
Java home: /usr/java/jdk1.7.0_07/jre
DEBUG 14:03:27.905 o.rioproject.cybernode.CybernodeImpl - Bound to RMI Registry on port=1100
INFO  14:03:27.909 o.r.watch.ThreadDeadlockMonitor - ThreadMXBean set, monitoring current JVM for thread deadlocks
DEBUG 14:03:28.140 o.rioproject.cybernode.CybernodeImpl - Will update discovered Provision Monitors with resource utilization details at intervals of 1 minute
DEBUG 14:03:28.148 org.rioproject.cybernode.Environment - Using ServiceStatementManager: org.rioproject.cybernode.TransientServiceStatementManager
DEBUG 14:03:28.166 o.rioproject.cybernode.CybernodeImpl - serviceTerminationOnUnregister=true
INFO  14:03:28.167 o.rioproject.cybernode.CybernodeImpl - Enlist with ProvisionManagers as an instantiation resource using: Cybernode-31333@uat.travellinck.com
DEBUG 14:03:28.180 o.rioproject.cybernode.CybernodeImpl - Created new ServiceID: 7a4b32bc-2c19-4b76-9435-7a389859b2e7
INFO  14:03:28.180 o.rioproject.cybernode.CybernodeImpl - Started Cybernode [jboss]
DEBUG 14:03:28.181 o.rioproject.cybernode.CybernodeImpl - initialServiceLoadDelay=5000
DEBUG 14:03:28.245 o.r.cybernode.ServiceConsumer - ProvisionManager discovered org.rioproject.monitor.ProvisionMonitorProxy$ConstrainableProvisionMonitorProxy@4f61d413
DEBUG 14:03:28.803 o.r.monitor.ServiceProvisioner - Registered new Cybernode-31333@uat.travellinck.com, count [1]
DEBUG 14:03:28.814 o.r.cybernode.ServiceConsumer - Established ProvisionManager registration
INFO  14:03:28.816 o.r.cybernode.ServiceConsumer - Registered to a ProvisionManager, now connected to [1] ProvisionMonitor instances
DEBUG 14:03:33.182 o.rioproject.cybernode.CybernodeImpl - Loading [0] initialServices
INFO  14:06:19.708 o.r.monitor.ProvisionMonitorImpl - Deploying Operational String [com.travellinck]
WARN  14:06:26.012 o.r.monitor.ProvisionMonitorImpl - Deploying OperationalString [com.travellinck]
org.rioproject.resolver.ResolverException: Could not find artifact org.dancres.blitz:blitz-proxy:jar:2.2.2 in  (http://www.rio-project.org/maven2)
	at org.rioproject.resolver.aether.AetherResolver$ResolvingRequestTask.call(AetherResolver.java:320) ~[na:na]
	at org.rioproject.resolver.aether.AetherResolver$ResolvingRequestTask.call(AetherResolver.java:287) ~[na:na]
	at java.util.concurrent.FutureTask$Sync.innerRun(FutureTask.java:334) ~[na:1.7.0_07]
	at java.util.concurrent.FutureTask.run(FutureTask.java:166) ~[na:1.7.0_07]
	at java.util.concurrent.ThreadPoolExecutor.runWorker(ThreadPoolExecutor.java:1110) ~[na:1.7.0_07]
	at java.util.concurrent.ThreadPoolExecutor$Worker.run(ThreadPoolExecutor.java:603) ~[na:1.7.0_07]
Wrapped by: java.util.concurrent.ExecutionException: org.rioproject.resolver.ResolverException: Could not find artifact org.dancres.blitz:blitz-proxy:jar:2.2.2 in  (http://www.rio-project.org/maven2)
	at java.util.concurrent.FutureTask$Sync.innerGet(FutureTask.java:252) ~[na:1.7.0_07]
	at java.util.concurrent.FutureTask.get(FutureTask.java:111) ~[na:1.7.0_07]
	at org.rioproject.resolver.aether.AetherResolver.getClassPathFor(AetherResolver.java:122) ~[na:na]
Wrapped by: org.rioproject.resolver.ResolverException: While trying to resolve org.dancres.blitz:blitz-proxy:2.2.2
	at org.rioproject.resolver.aether.AetherResolver.getClassPathFor(AetherResolver.java:126) ~[na:na]
	at org.rioproject.monitor.DeploymentVerifier.resolve(DeploymentVerifier.java:119) ~[monitor-service-5.0-M3.jar:5.0-M3]
	at org.rioproject.monitor.DeploymentVerifier.resolveOperationalStringService(DeploymentVerifier.java:94) ~[monitor-service-5.0-M3.jar:5.0-M3]
	at org.rioproject.monitor.DeploymentVerifier.verifyOperationalStringService(DeploymentVerifier.java:80) ~[monitor-service-5.0-M3.jar:5.0-M3]
	at org.rioproject.monitor.DeploymentVerifier.verifyOperationalString(DeploymentVerifier.java:68) ~[monitor-service-5.0-M3.jar:5.0-M3]
	at org.rioproject.monitor.DeploymentVerifier.verifyDeploymentRequest(DeploymentVerifier.java:60) ~[monitor-service-5.0-M3.jar:5.0-M3]
	at org.rioproject.monitor.ProvisionMonitorImpl.deploy(ProvisionMonitorImpl.java:531) ~[monitor-service-5.0-M3.jar:5.0-M3]
	at org.rioproject.monitor.ProvisionMonitorAdminImpl.deploy(ProvisionMonitorAdminImpl.java:135) [monitor-service-5.0-M3.jar:5.0-M3]
	at sun.reflect.NativeMethodAccessorImpl.invoke0(Native Method) ~[na:1.7.0_07]
	at sun.reflect.NativeMethodAccessorImpl.invoke(NativeMethodAccessorImpl.java:57) ~[na:1.7.0_07]
	at sun.reflect.DelegatingMethodAccessorImpl.invoke(DelegatingMethodAccessorImpl.java:43) ~[na:1.7.0_07]
	at java.lang.reflect.Method.invoke(Method.java:601) ~[na:1.7.0_07]
	at net.jini.jeri.BasicInvocationDispatcher.invoke(BasicInvocationDispatcher.java:1126) [jsk-platform-2.2.1.jar:2.2.0]
	at net.jini.jeri.BasicInvocationDispatcher.dispatch(BasicInvocationDispatcher.java:608) [jsk-platform-2.2.1.jar:2.2.0]
	at com.sun.jini.jeri.internal.runtime.Target$2.run(Target.java:487) [jsk-platform-2.2.1.jar:2.2.0]
	at net.jini.export.ServerContext.doWithServerContext(ServerContext.java:108) [jsk-platform-2.2.1.jar:2.2.0]
	at com.sun.jini.jeri.internal.runtime.Target.dispatch(Target.java:484) [jsk-platform-2.2.1.jar:2.2.0]
	at com.sun.jini.jeri.internal.runtime.Target.access$000(Target.java:57) [jsk-platform-2.2.1.jar:2.2.0]
	at com.sun.jini.jeri.internal.runtime.Target$1.run(Target.java:464) [jsk-platform-2.2.1.jar:2.2.0]
	at com.sun.jini.start.AggregatePolicyProvider$AggregateSecurityContext$2.run(AggregatePolicyProvider.java:527) [start-2.2.1.jar:na]
	at java.security.AccessController.doPrivileged(Native Method) [na:1.7.0_07]
	at com.sun.jini.jeri.internal.runtime.Target.dispatch(Target.java:461) [jsk-platform-2.2.1.jar:2.2.0]
	at com.sun.jini.jeri.internal.runtime.Target.dispatch(Target.java:426) [jsk-platform-2.2.1.jar:2.2.0]
	at com.sun.jini.jeri.internal.runtime.DgcRequestDispatcher.dispatch(DgcRequestDispatcher.java:210) [jsk-platform-2.2.1.jar:2.2.0]
	at net.jini.jeri.connection.ServerConnectionManager$Dispatcher.dispatch(ServerConnectionManager.java:147) [jsk-platform-2.2.1.jar:2.2.0]
	at com.sun.jini.jeri.internal.mux.MuxServer$1$1.run(MuxServer.java:244) [jsk-platform-2.2.1.jar:2.2.0]
	at com.sun.jini.start.AggregatePolicyProvider$AggregateSecurityContext$1.run(AggregatePolicyProvider.java:513) [start-2.2.1.jar:na]
	at java.security.AccessController.doPrivileged(Native Method) [na:1.7.0_07]
	at com.sun.jini.jeri.internal.mux.MuxServer$1.run(MuxServer.java:241) [jsk-platform-2.2.1.jar:2.2.0]
	at com.sun.jini.thread.ThreadPool$Worker.run(ThreadPool.java:136) [jsk-platform-2.2.1.jar:2.2.0]
	at java.lang.Thread.run(Thread.java:722) [na:1.7.0_07]
DEBUG 14:08:50.168 o.r.monitor.ProvisionMonitorImpl - ProvisionMonitor: destroy() notification
INFO  14:08:50.169 o.r.monitor.ServiceProvisioner - Cybernode-31333@uat.travellinck.com @ 10.10.7.12 removed, count now [0]
INFO  14:08:50.181 o.rioproject.jsb.ServiceBeanAdapter - Destroy System-Core/Provision Monitor:0
WARN  14:08:50.205 o.rioproject.jsb.ServiceBeanAdapter - UnexportTask interrupted
INFO  14:08:50.208 o.r.monitor.ProvisionMonitorImpl - Destroyed Monitor
DEBUG 14:08:50.213 o.r.cybernode.ServiceConsumer - Canceling all event registrations to Provisioner instances
WARN  14:08:50.215 o.r.cybernode.ServiceConsumer - ProvisionLeaseManager: could not drop lease java.rmi.NoSuchObjectException: no such object in table
INFO  14:08:50.215 o.r.cybernode.ServiceConsumer - Dropping ProvisionManager, now connected to [0] ProvisionMonitor instances
INFO  14:08:50.216 o.rioproject.cybernode.CybernodeImpl - Cybernode: destroy() notification
