INFO  16:38:42.982 o.r.monitor.ProvisionMonitorImpl - 
____ _ ____
|__/ | |  |   Provision Monitor
|  \ | |__|   Version: 5.0-M3, Build: 20130709-1639

Rio Home: /opt/rio
Java version: 1.7.0_07, vendor: Oracle Corporation
Java home: /usr/java/jdk1.7.0_07/jre
DEBUG 16:38:43.396 o.r.monitor.ProvisionMonitorImpl - Bound to RMI Registry on port=1099
INFO  16:38:43.534 o.r.m.selectors.LeastActiveSelector - Created LeastActiveSelector
INFO  16:38:43.541 org.rioproject.jmx.JMXConnectionUtil - JMXServiceURL=service:jmx:rmi://10.10.7.12:1099/jndi/rmi://10.10.7.12:1099/jmxrmi
DEBUG 16:38:43.606 o.r.monitor.ProvisionMonitorImpl - Configured to scan for OAR deployments every 30 seconds
DEBUG 16:38:43.611 o.r.m.h.FileSystemOARDeployHandler - OARs will be scanned for in this directory: /opt/rio-5.0-M3/deploy
DEBUG 16:38:43.611 o.r.m.h.FileSystemOARDeployHandler - OARs will be installed into this directory: /opt/rio-5.0-M3/deploy
DEBUG 16:38:43.622 o.r.m.peer.ProvisionMonitorPeer - ProvisionMonitorPeer: No backup
DEBUG 16:38:43.685 o.r.monitor.ProvisionMonitorImpl - initialOpStrings=[], initialOpStringLoadDelay=5000
DEBUG 16:38:43.689 o.r.monitor.ProvisionMonitorImpl - Created new ServiceID: 16f11cc8-a34e-45ae-88fb-56743ef0a436
INFO  16:38:43.694 o.r.watch.ThreadDeadlockMonitor - ThreadMXBean set, monitoring current JVM for thread deadlocks
INFO  16:38:43.699 o.r.monitor.ProvisionMonitorImpl - Started Provision Monitor [jboss]
INFO  16:38:44.088 o.rioproject.cybernode.CybernodeImpl - 
____ _ ____
|__/ | |  |   Cybernode
|  \ | |__|   Version: 5.0-M3, Build: 20130709-1639

Rio Home: /opt/rio
Java version: 1.7.0_07, vendor: Oracle Corporation
Java home: /usr/java/jdk1.7.0_07/jre
DEBUG 16:38:44.251 o.rioproject.cybernode.CybernodeImpl - Bound to RMI Registry on port=1099
INFO  16:38:44.255 o.r.watch.ThreadDeadlockMonitor - ThreadMXBean set, monitoring current JVM for thread deadlocks
DEBUG 16:38:44.459 o.rioproject.cybernode.CybernodeImpl - Will update discovered Provision Monitors with resource utilization details at intervals of 1 minute
DEBUG 16:38:44.466 org.rioproject.cybernode.Environment - Using ServiceStatementManager: org.rioproject.cybernode.TransientServiceStatementManager
DEBUG 16:38:44.484 o.rioproject.cybernode.CybernodeImpl - serviceTerminationOnUnregister=true
INFO  16:38:44.485 o.rioproject.cybernode.CybernodeImpl - Enlist with ProvisionManagers as an instantiation resource using: Cybernode-24384@uat.travellinck.com
DEBUG 16:38:44.497 o.rioproject.cybernode.CybernodeImpl - Created new ServiceID: 6c3e2cde-07c5-44fd-be3c-7ef6a14bdb54
INFO  16:38:44.497 o.rioproject.cybernode.CybernodeImpl - Started Cybernode [jboss]
DEBUG 16:38:44.498 o.rioproject.cybernode.CybernodeImpl - initialServiceLoadDelay=5000
DEBUG 16:38:44.562 o.r.cybernode.ServiceConsumer - ProvisionManager discovered org.rioproject.monitor.ProvisionMonitorProxy$ConstrainableProvisionMonitorProxy@3b4ab24
DEBUG 16:38:45.151 o.r.monitor.ServiceProvisioner - Registered new Cybernode-24384@uat.travellinck.com, count [1]
DEBUG 16:38:45.162 o.r.cybernode.ServiceConsumer - Established ProvisionManager registration
INFO  16:38:45.164 o.r.cybernode.ServiceConsumer - Registered to a ProvisionManager, now connected to [1] ProvisionMonitor instances
DEBUG 16:38:49.499 o.rioproject.cybernode.CybernodeImpl - Loading [0] initialServices
DEBUG 16:39:15.256 o.r.cybernode.ServiceConsumer - Canceling all event registrations to Provisioner instances
INFO  16:39:15.259 o.r.monitor.ServiceProvisioner - Cybernode-24384@uat.travellinck.com @ 10.10.7.12 removed, count now [0]
INFO  16:39:15.261 o.r.cybernode.ServiceConsumer - Dropping ProvisionManager, now connected to [0] ProvisionMonitor instances
INFO  16:39:15.262 o.rioproject.cybernode.CybernodeImpl - Cybernode: destroy() notification
DEBUG 16:39:15.288 o.r.monitor.ProvisionMonitorImpl - ProvisionMonitor: destroy() notification
INFO  16:39:15.295 o.rioproject.jsb.ServiceBeanAdapter - Destroy System-Core/Provision Monitor:0
WARN  16:39:15.313 o.rioproject.jsb.ServiceBeanAdapter - UnexportTask interrupted
INFO  16:39:15.314 o.r.monitor.ProvisionMonitorImpl - Destroyed Monitor
