INFO  17:02:21.105 o.r.monitor.ProvisionMonitorImpl - 
____ _ ____
|__/ | |  |   Provision Monitor
|  \ | |__|   Version: 5.0-M3, Build: 20130709-1639

Rio Home: /opt/rio
Java version: 1.7.0_07, vendor: Oracle Corporation
Java home: /usr/java/jdk1.7.0_07/jre
DEBUG 17:02:21.512 o.r.monitor.ProvisionMonitorImpl - Bound to RMI Registry on port=1099
INFO  17:02:21.646 o.r.m.selectors.LeastActiveSelector - Created LeastActiveSelector
INFO  17:02:21.652 org.rioproject.jmx.JMXConnectionUtil - JMXServiceURL=service:jmx:rmi://10.10.7.12:1099/jndi/rmi://10.10.7.12:1099/jmxrmi
DEBUG 17:02:21.717 o.r.monitor.ProvisionMonitorImpl - Configured to scan for OAR deployments every 30 seconds
DEBUG 17:02:21.722 o.r.m.h.FileSystemOARDeployHandler - OARs will be scanned for in this directory: /opt/rio-5.0-M3/deploy
DEBUG 17:02:21.722 o.r.m.h.FileSystemOARDeployHandler - OARs will be installed into this directory: /opt/rio-5.0-M3/deploy
DEBUG 17:02:21.729 o.r.m.peer.ProvisionMonitorPeer - ProvisionMonitorPeer: No backup
DEBUG 17:02:21.792 o.r.monitor.ProvisionMonitorImpl - initialOpStrings=[], initialOpStringLoadDelay=5000
DEBUG 17:02:21.796 o.r.monitor.ProvisionMonitorImpl - Created new ServiceID: 4a526d6f-95f4-4a44-a16c-e995ed6b8261
INFO  17:02:21.802 o.r.watch.ThreadDeadlockMonitor - ThreadMXBean set, monitoring current JVM for thread deadlocks
INFO  17:02:21.807 o.r.monitor.ProvisionMonitorImpl - Started Provision Monitor [jboss]
INFO  17:02:22.167 o.rioproject.cybernode.CybernodeImpl - 
____ _ ____
|__/ | |  |   Cybernode
|  \ | |__|   Version: 5.0-M3, Build: 20130709-1639

Rio Home: /opt/rio
Java version: 1.7.0_07, vendor: Oracle Corporation
Java home: /usr/java/jdk1.7.0_07/jre
DEBUG 17:02:22.339 o.rioproject.cybernode.CybernodeImpl - Bound to RMI Registry on port=1099
INFO  17:02:22.343 o.r.watch.ThreadDeadlockMonitor - ThreadMXBean set, monitoring current JVM for thread deadlocks
DEBUG 17:02:22.542 o.rioproject.cybernode.CybernodeImpl - Will update discovered Provision Monitors with resource utilization details at intervals of 1 minute
DEBUG 17:02:22.549 org.rioproject.cybernode.Environment - Using ServiceStatementManager: org.rioproject.cybernode.TransientServiceStatementManager
DEBUG 17:02:22.567 o.rioproject.cybernode.CybernodeImpl - serviceTerminationOnUnregister=true
INFO  17:02:22.568 o.rioproject.cybernode.CybernodeImpl - Enlist with ProvisionManagers as an instantiation resource using: Cybernode-15566@uat.travellinck.com
DEBUG 17:02:22.580 o.rioproject.cybernode.CybernodeImpl - Created new ServiceID: c807f2e6-845d-48d2-881e-0bd228f40f57
INFO  17:02:22.580 o.rioproject.cybernode.CybernodeImpl - Started Cybernode [jboss]
DEBUG 17:02:22.581 o.rioproject.cybernode.CybernodeImpl - initialServiceLoadDelay=5000
DEBUG 17:02:22.669 o.r.cybernode.ServiceConsumer - ProvisionManager discovered org.rioproject.monitor.ProvisionMonitorProxy$ConstrainableProvisionMonitorProxy@93a14cdf
DEBUG 17:02:23.231 o.r.monitor.ServiceProvisioner - Registered new Cybernode-15566@uat.travellinck.com, count [1]
DEBUG 17:02:23.243 o.r.cybernode.ServiceConsumer - Established ProvisionManager registration
INFO  17:02:23.245 o.r.cybernode.ServiceConsumer - Registered to a ProvisionManager, now connected to [1] ProvisionMonitor instances
DEBUG 17:02:27.582 o.rioproject.cybernode.CybernodeImpl - Loading [0] initialServices
INFO  17:02:33.453 o.r.monitor.ProvisionMonitorImpl - Deploying Operational String [com.travellinck]
DEBUG 17:02:34.396 org.rioproject.monitor - Deployment [com.travellinck] using exporter JrmpExporter[0,null,null]
DEBUG 17:02:34.446 org.rioproject.monitor.services - ServiceElementManager.verify(): [com.travellinck/WebServicePublisher] actual [0], pending [0], maintain [1]
DEBUG 17:02:34.455 o.r.monitor.tasks.ProvisionTask - Allocating  [com.travellinck/WebServicePublisher] ...
DEBUG 17:02:34.460 org.rioproject.monitor.services - ServiceElementManager.verify(): [com.travellinck/com.travellinck.Space] actual [0], pending [0], maintain [1]
DEBUG 17:02:34.461 o.r.monitor.tasks.ProvisionTask - Allocating  [com.travellinck/com.travellinck.Space] ...
DEBUG 17:02:34.467 org.rioproject.monitor.services - ServiceElementManager.verify(): [com.travellinck/TransactionManager] actual [0], pending [0], maintain [1]
DEBUG 17:02:34.469 o.r.monitor.tasks.ProvisionTask - Allocating  [com.travellinck/TransactionManager] ...
DEBUG 17:02:34.476 org.rioproject.monitor.services - ServiceElementManager.verify(): [com.travellinck/com.travellinck.TransactionUtility] actual [0], pending [0], maintain [1]
DEBUG 17:02:34.479 o.r.monitor.tasks.ProvisionTask - Allocating  [com.travellinck/com.travellinck.TransactionUtility] ...
DEBUG 17:02:34.484 org.rioproject.monitor.services - ServiceElementManager.verify(): [com.travellinck/com.travellinck.ScheduledPublisher] actual [0], pending [0], maintain [1]
DEBUG 17:02:34.485 o.r.monitor.tasks.ProvisionTask - Allocating  [com.travellinck/com.travellinck.ScheduledPublisher] ...
DEBUG 17:02:34.491 org.rioproject.monitor.services - ServiceElementManager.verify(): [com.travellinck/com.travellinck.space.admin.Query] actual [0], pending [0], maintain [1]
DEBUG 17:02:34.504 o.r.monitor.tasks.ProvisionTask - Allocating  [com.travellinck/com.travellinck.space.admin.Query] ...
INFO  17:02:34.504 org.rioproject.cybernode.loader - Instantiating [com.travellinck/WebServicePublisher, instance:1]
INFO  17:02:34.505 org.rioproject.cybernode.loader - Instantiating [com.travellinck/TransactionManager, instance:1]
DEBUG 17:02:34.512 org.rioproject.monitor.services - ServiceElementManager.verify(): [com.travellinck/com.travellinck.CleanupWorker] actual [0], pending [0], maintain [1]
INFO  17:02:34.512 org.rioproject.cybernode.loader - Instantiating [com.travellinck/com.travellinck.Space, instance:1]
DEBUG 17:02:34.518 o.r.monitor.tasks.ProvisionTask - Allocating  [com.travellinck/com.travellinck.CleanupWorker] ...
INFO  17:02:34.521 org.rioproject.cybernode.loader - Instantiating [com.travellinck/com.travellinck.ScheduledPublisher, instance:1]
INFO  17:02:34.523 org.rioproject.cybernode.loader - Instantiating [com.travellinck/com.travellinck.TransactionUtility, instance:1]
INFO  17:02:34.532 org.rioproject.cybernode.loader - Instantiating [com.travellinck/com.travellinck.space.admin.Query, instance:1]
INFO  17:02:34.545 org.rioproject.cybernode.loader - Instantiating [com.travellinck/com.travellinck.CleanupWorker, instance:1]
INFO  17:02:34.588 o.r.cybernode.ServiceBeanLoader - Resolve org.apache.river:mahalo:2.2.1 using these repositories [http://www.rio-project.org/maven2, https://repository.jboss.org/nexus/content/groups/public-jboss/, http://download.eclipse.org/rt/eclipselink/maven.repo, http://repo1.maven.org/maven2/, http://10.10.7.12:9010]
INFO  17:02:34.612 o.r.cybernode.ServiceBeanLoader - Resolve com.travellinck.infrastructure:transaction-components:1.0 using these repositories [http://www.rio-project.org/maven2, https://repository.jboss.org/nexus/content/groups/public-jboss/, http://download.eclipse.org/rt/eclipselink/maven.repo, http://repo1.maven.org/maven2/, http://10.10.7.12:9010]
INFO  17:02:34.765 o.rioproject.cybernode.CybernodeImpl - Instantiated [com.travellinck/TransactionManager, instance:1], [groups: jboss], total services active: 1
DEBUG 17:02:34.780 o.r.cybernode.ServiceAdvertiser - Added OperationalStringEntry [com.travellinck] for TransactionManager
DEBUG 17:02:34.783 o.r.cybernode.ServiceAdvertiser - Added Host [10.10.7.12] for TransactionManager
DEBUG 17:02:34.796 org.rioproject.cybernode.JSBDelegate - [com.travellinck/TransactionManager, instance:1]: advertised
INFO  17:02:34.811 o.r.monitor.tasks.ProvisionTask - Allocated [com.travellinck/TransactionManager]
INFO  17:02:34.829 org.rioproject.monitor.services - [com.travellinck/TransactionManager] service provisioned, instanceId=[1], type=[DYNAMIC], have [1] service instances
INFO  17:02:35.369 o.r.cybernode.ServiceBeanLoader - Resolve com.travellinck.approval:approval-engine-components:1.1.8 using these repositories [http://www.rio-project.org/maven2, https://repository.jboss.org/nexus/content/groups/public-jboss/, http://download.eclipse.org/rt/eclipselink/maven.repo, http://repo1.maven.org/maven2/, http://10.10.7.12:9010]
DEBUG 17:02:35.489 org.rioproject.cybernode.JSBDelegate - Set EventHandler [org.rioproject.event.DispatchEventHandler] for SLAManagement for service com.travellinck.TransactionUtility
INFO  17:02:35.497 o.rioproject.cybernode.CybernodeImpl - Instantiated [com.travellinck/com.travellinck.TransactionUtility, instance:1], [groups: jboss], total services active: 2
INFO  17:02:35.507 o.r.monitor.tasks.ProvisionTask - Allocated [com.travellinck/com.travellinck.TransactionUtility]
INFO  17:02:35.520 org.rioproject.monitor.services - [com.travellinck/com.travellinck.TransactionUtility] service provisioned, instanceId=[1], type=[DYNAMIC], have [1] service instances
DEBUG 17:02:35.611 c.t.i.j.t.i.BasicTransactionUtility - Received handle to transaction manager: org.rioproject.associations.Association@158ac84e
INFO  17:02:35.611 o.r.associations.AssociationMgmt - Advertise Service: com.travellinck/com.travellinck.TransactionUtility:1
INFO  17:02:36.432 o.r.cybernode.ServiceBeanLoader - Resolve org.dancres.blitz:blitz-service:2.2.0 using these repositories [http://www.rio-project.org/maven2, https://repository.jboss.org/nexus/content/groups/public-jboss/, http://download.eclipse.org/rt/eclipselink/maven.repo, http://repo1.maven.org/maven2/, http://10.10.7.12:9010]
DEBUG 17:02:36.524 c.t.i.r.s.c.SpaceComponentAdaptor - Set space component to: com.travellinck.approval.engine.impl.cleanup.BadLeaseTimeCleanup@2b52d1fd
DEBUG 17:02:36.539 c.t.i.r.s.c.SpaceComponentAdaptor - Received 1 configuration parameter(s)
DEBUG 17:02:36.539 c.t.i.r.s.c.SpaceComponentAdaptor - Configuration parameters: {publishDelay=PT1M}
DEBUG 17:02:36.542 c.t.i.r.s.c.util.InjectionHelper - Attempting to inject 1 configuration parameters into target object: com.travellinck.approval.engine.impl.cleanup.BadLeaseTimeCleanup@2b52d1fd
DEBUG 17:02:36.551 c.t.i.r.s.c.util.InjectionHelper - Injecting publishDelay=PT1M into com.travellinck.approval.engine.impl.cleanup.BadLeaseTimeCleanup#setPublishDelay
DEBUG 17:02:36.551 c.t.a.e.i.c.BadLeaseTimeCleanup - Modified entries set to publish after: PT1M
INFO  17:02:36.686 o.r.cybernode.ServiceBeanLoader - Resolve com.travellinck.infrastructure:javaspaces-admin-components:1.0 using these repositories [http://www.rio-project.org/maven2, https://repository.jboss.org/nexus/content/groups/public-jboss/, http://download.eclipse.org/rt/eclipselink/maven.repo, http://repo1.maven.org/maven2/, http://10.10.7.12:9010]
DEBUG 17:02:37.541 c.t.i.r.s.c.SpaceComponentAdaptor - Set transaction manager reference to: com.travellinck.approval.engine.impl.cleanup.BadLeaseTimeCleanup@2b52d1fd
DEBUG 17:02:37.543 org.rioproject.cybernode.JSBDelegate - Set EventHandler [org.rioproject.event.DispatchEventHandler] for SLAManagement for service com.travellinck.CleanupWorker
INFO  17:02:37.594 o.rioproject.cybernode.CybernodeImpl - Instantiated [com.travellinck/com.travellinck.CleanupWorker, instance:1], [groups: jboss], total services active: 3
INFO  17:02:37.602 o.r.monitor.tasks.ProvisionTask - Allocated [com.travellinck/com.travellinck.CleanupWorker]
INFO  17:02:37.609 org.rioproject.monitor.services - [com.travellinck/com.travellinck.CleanupWorker] service provisioned, instanceId=[1], type=[DYNAMIC], have [1] service instances
INFO  17:02:37.949 o.r.cybernode.ServiceBeanLoader - Resolve com.travellinck.infrastructure:scheduling-components:1.1 using these repositories [http://www.rio-project.org/maven2, https://repository.jboss.org/nexus/content/groups/public-jboss/, http://download.eclipse.org/rt/eclipselink/maven.repo]
DEBUG 17:02:38.102 org.rioproject.cybernode.JSBDelegate - Set EventHandler [org.rioproject.event.DispatchEventHandler] for SLAManagement for service com.travellinck.space.admin.Query
INFO  17:02:38.123 o.rioproject.cybernode.CybernodeImpl - Instantiated [com.travellinck/com.travellinck.space.admin.Query, instance:1], [groups: jboss], total services active: 4
INFO  17:02:38.130 o.r.monitor.tasks.ProvisionTask - Allocated [com.travellinck/com.travellinck.space.admin.Query]
INFO  17:02:38.138 org.rioproject.monitor.services - [com.travellinck/com.travellinck.space.admin.Query] service provisioned, instanceId=[1], type=[DYNAMIC], have [1] service instances
INFO  17:02:38.679 o.r.cybernode.ServiceBeanLoader - Resolve com.travellinck.infrastructure:web-services-binding-components:1.0 using these repositories [http://www.rio-project.org/maven2, https://repository.jboss.org/nexus/content/groups/public-jboss/, http://download.eclipse.org/rt/eclipselink/maven.repo, http://repo1.maven.org/maven2/, http://10.10.7.12:9010]
DEBUG 17:02:38.987 org.rioproject.cybernode.JSBDelegate - Set EventHandler [org.rioproject.event.DispatchEventHandler] for SLAManagement for service com.travellinck.ScheduledPublisher
INFO  17:02:38.995 o.rioproject.cybernode.CybernodeImpl - Instantiated [com.travellinck/com.travellinck.ScheduledPublisher, instance:1], [groups: jboss], total services active: 5
INFO  17:02:39.004 o.r.monitor.tasks.ProvisionTask - Allocated [com.travellinck/com.travellinck.ScheduledPublisher]
INFO  17:02:39.009 org.rioproject.monitor.services - [com.travellinck/com.travellinck.ScheduledPublisher] service provisioned, instanceId=[1], type=[DYNAMIC], have [1] service instances
DEBUG 17:02:40.452 c.t.c.w.p.AssociatedServicesPublisher - Injected 2 configuration parameter(s)
DEBUG 17:02:40.513 org.rioproject.cybernode.JSBDelegate - Set EventHandler [org.rioproject.event.DispatchEventHandler] for SLAManagement for service WebServicePublisher
INFO  17:02:40.554 o.rioproject.cybernode.CybernodeImpl - Instantiated [com.travellinck/WebServicePublisher, instance:1], [groups: jboss], total services active: 6
INFO  17:02:40.554 c.t.c.w.p.AssociatedServicesPublisher - Starting web service publisher
INFO  17:02:40.669 c.t.c.w.publishing.container - Starting
DEBUG 17:02:40.697 c.t.c.w.publishing.container - Starting network listener: http-8088
DEBUG 17:02:41.181 c.t.c.w.p.AssociatedServicesPublisher - Tracking service 'com.travellinck.space.admin.Query', currently PENDING
DEBUG 17:02:41.201 org.rioproject.cybernode.JSBDelegate - [com.travellinck/WebServicePublisher, instance:1]: advertised
INFO  17:02:41.208 o.r.monitor.tasks.ProvisionTask - Allocated [com.travellinck/WebServicePublisher]
INFO  17:02:41.219 org.rioproject.monitor.services - [com.travellinck/WebServicePublisher] service provisioned, instanceId=[1], type=[DYNAMIC], have [1] service instances
INFO  17:02:43.879 o.rioproject.cybernode.CybernodeImpl - Instantiated [com.travellinck/com.travellinck.Space, instance:1], [groups: jboss], total services active: 7
WARN  17:02:43.888 o.r.cybernode.ServiceAdvertiser - Unable to obtain the OperationalStringEntry for com.travellinck.Space
WARN  17:02:43.891 o.r.cybernode.ServiceAdvertiser - Unable to obtain the Host entry for com.travellinck.Space
DEBUG 17:02:43.902 org.rioproject.cybernode.JSBDelegate - [com.travellinck/com.travellinck.Space, instance:1]: advertised
INFO  17:02:43.908 o.r.monitor.tasks.ProvisionTask - Allocated [com.travellinck/com.travellinck.Space]
INFO  17:02:43.911 org.rioproject.monitor.services - [com.travellinck/com.travellinck.Space] service provisioned, instanceId=[1], type=[DYNAMIC], have [1] service instances
DEBUG 17:02:44.076 c.t.i.r.s.c.SpaceComponentAdaptor - Set space reference to: org.rioproject.associations.Association@b6fa319
INFO  17:02:44.077 o.r.associations.AssociationMgmt - Advertise Service: com.travellinck/com.travellinck.CleanupWorker:1
DEBUG 17:02:44.088 c.t.i.r.s.c.SpaceComponentAdaptor - Starting worker: com.travellinck.CleanupWorker
DEBUG 17:02:44.089 c.t.i.j.s.c.c.i.SimpleEntryConduit - Starting conduit between space org.dancres.blitz.remote.ConstrainableBlitzProxy@e7a5538b and worker com.travellinck.CleanupWorker
INFO  17:02:44.196 org.hibernate.validator.util.Version - Hibernate Validator 4.2.0.Final
DEBUG 17:02:44.663 c.t.i.j.s.c.c.i.SimpleEntryConduit - Opening: EntryBiValve [com.travellinck.approval.engine.impl.cleanup.BadLeaseTimeCleanup@2b52d1fd <--> org.dancres.blitz.remote.ConstrainableBlitzProxy@e7a5538b]: takeWebEvaluation <- [com.travellinck.approval.engine.impl.evaluation.evaluator.web.WebEvaluation(id=null, templateProducer=null, binding=null, waitUpTo=forever)]
DEBUG 17:02:44.667 c.t.i.j.s.c.c.i.SimpleEntryConduit - Opening: EntryBiValve [com.travellinck.approval.engine.impl.cleanup.BadLeaseTimeCleanup@2b52d1fd <--> org.dancres.blitz.remote.ConstrainableBlitzProxy@e7a5538b]: takeApprovalConcluded <- [com.travellinck.approval.engine.ApprovalConcludedEvent(id=null, templateProducer=null, binding=null, waitUpTo=forever)]
INFO  17:02:44.668 c.t.i.r.s.c.SpaceComponentAdaptor - Started worker: com.travellinck.CleanupWorker
DEBUG 17:02:44.670 c.t.i.r.s.c.SpaceComponentAdaptor - Registering watches for: com.travellinck.approval.engine.impl.cleanup.BadLeaseTimeCleanup@2b52d1fd
DEBUG 17:02:44.898 c.t.j.s.a.query.impl.QueryService - Received reference to space: org.rioproject.associations.AssociationProxySupport@2a58e7c7
INFO  17:02:44.898 o.r.associations.AssociationMgmt - Advertise Service: com.travellinck/com.travellinck.space.admin.Query:1
DEBUG 17:02:44.967 c.t.c.w.p.AssociatedServicesPublisher - Publishing service(s) for new association 'com.travellinck.space.admin.Query'
INFO  17:02:44.975 o.r.associations.AssociationMgmt - Advertise Service: com.travellinck/com.travellinck.ScheduledPublisher:1
DEBUG 17:02:44.978 c.t.i.j.s.s.i.PublishLaterRequestHandler - Starting
DEBUG 17:02:44.979 c.t.c.w.p.p.i.ASMPublishableProxyFactory - Generating web service proxy for: interface com.travellinck.jini.space.admin.query.Query
DEBUG 17:02:44.981 c.t.i.j.s.s.i.PublishLaterRequestHandler - Looking for previously scheduled tasks (shutdown/crash recovery)
INFO  17:02:44.983 c.t.i.j.s.s.i.PublishLaterRequestHandler - Started
DEBUG 17:02:45.062 c.t.i.j.s.s.i.PublishLaterRequestHandler - Found ActivelyScheduledEventPublication d776f443-421c-4e71-88de-8e14f325f9ca, re-scheduling 
DEBUG 17:02:45.063 c.t.i.j.s.s.i.PublishLaterRequestHandler - Scheduling to publish after 6224234938ms
DEBUG 17:02:45.070 c.t.i.j.s.s.i.PublishLaterRequestHandler - Found ActivelyScheduledEventPublication ba9981c0-93a6-4e46-b4e9-27ded870f289, re-scheduling 
DEBUG 17:02:45.070 c.t.i.j.s.s.i.PublishLaterRequestHandler - Scheduling to publish after 6224234930ms
DEBUG 17:02:45.079 c.t.i.j.s.s.i.PublishLaterRequestHandler - Found ActivelyScheduledEventPublication 50e3a843-3a22-492f-ac4c-e93e68c348bb, re-scheduling 
DEBUG 17:02:45.079 c.t.i.j.s.s.i.PublishLaterRequestHandler - Scheduling to publish after 86260987ms
INFO  17:02:45.083 c.t.i.j.s.s.i.PublishLaterRequestHandler - Shutdown/crash recovery complete (recovered 3 schedules)
DEBUG 17:02:45.083 c.t.i.j.s.s.i.PublishLaterRequestHandler - Start processing of Scheduling requests
DEBUG 17:02:45.206 c.t.c.w.p.AssociatedServicesPublisher - Generated 1 web service adaptor(s) for: com.travellinck.space.admin.Query
INFO  17:02:45.208 c.t.c.w.publishing.container - Publishing REST service ws.proxy.com.travellinck.jini.space.admin.query.Query@216191bf to [http://0.0.0.0:8088/query]
DEBUG 17:02:46.182 c.t.i.j.s.c.c.i.SimpleEntryBivalve - BadLeaseTimeCleanup.takeWebEvaluation: took from space <- WebEvaluation  (id=fbdd949e-0c67-46b6-ac52-0f8e35384247, startedBy=EvaluateRequest isRetry=false, evaluationRequest.id=56367828-10de-4c70-8a71-8f9e0716cd3e via=http, contactChannel=http://uat.travellinck.com/approvalevaluation/resources/evaluation/56367828-10de-4c70-8a71-8f9e0716cd3e, organisation=http://www.travellinck.com, routing=http://www.travellinck.com (id=fbdd949e-0c67-46b6-ac52-0f8e35384247, sourceProcess=56367828-10de-4c70-8a71-8f9e0716cd3e, sourceComponent=null, traceId=c2011e86-0499-4468-9dff-7d926b644e64, createdAt=Wed Jun 24 17:00:27 SAST 2015), traceId=c2011e86-0499-4468-9dff-7d926b644e64)
TRACE 17:02:46.193 c.t.i.j.s.c.c.i.LeaseTimeCalculator - Calculating lease time for an entry of type com.travellinck.approval.engine.impl.evaluation.evaluator.web.WebEvaluation
TRACE 17:02:46.193 c.t.i.j.s.c.c.i.LeaseTimeCalculator - Examining field: evaluationRequestId
TRACE 17:02:46.196 c.t.i.j.s.c.c.i.LeaseTimeCalculator - Examining field: startedBy
TRACE 17:02:46.199 c.t.i.j.s.c.c.i.LeaseTimeCalculator - Examining field: ownerComponent
TRACE 17:02:46.202 c.t.i.j.s.c.c.i.LeaseTimeCalculator - Examining field: id
TRACE 17:02:46.216 c.t.i.j.s.c.c.i.LeaseTimeCalculator - Examining field: createdAt
TRACE 17:02:46.218 c.t.i.j.s.c.c.i.LeaseTimeCalculator - Examining field: expireAfter
TRACE 17:02:46.220 c.t.i.j.s.c.c.i.LeaseTimeCalculator - Obtaining lease from field @LeaseFor java.lang.Long expireAfter
TRACE 17:02:46.220 c.t.i.j.s.c.c.i.LeaseTimeCalculator - Examining field: expireAt
TRACE 17:02:46.221 c.t.i.j.s.c.c.i.LeaseTimeCalculator - Obtaining lease from field @LeaseUntil java.util.Calendar expireAt
TRACE 17:02:46.221 c.t.i.j.s.c.c.i.LeaseTimeCalculator - Examining field: traceId
TRACE 17:02:46.222 c.t.i.j.s.c.c.i.LeaseTimeCalculator - Examining field: state
TRACE 17:02:46.223 c.t.i.j.s.c.c.i.LeaseTimeCalculator - com.travellinck.approval.engine.impl.evaluation.evaluator.web.WebEvaluation has lease time 86259845
INFO  17:02:46.233 c.t.a.e.i.c.BadLeaseTimeCleanup - Counts (WebEvaluation)	Rem: 0	 Upd: 1	 Unm: 0
DEBUG 17:02:46.235 c.t.i.j.s.c.c.i.SimpleEntryBivalve - Validating 1 Entry objects
TRACE 17:02:46.518 c.t.i.j.s.c.c.i.LeaseTimeCalculator - Calculating lease time for an entry of type com.travellinck.infrastructure.jini.space.scheduling.PublishLaterRequestEntry
TRACE 17:02:46.518 c.t.i.j.s.c.c.i.LeaseTimeCalculator - Examining field: entry
TRACE 17:02:46.518 c.t.i.j.s.c.c.i.LeaseTimeCalculator - Examining field: writeAt
TRACE 17:02:46.518 c.t.i.j.s.c.c.i.LeaseTimeCalculator - Examining field: writeAfterMS
TRACE 17:02:46.518 c.t.i.j.s.c.c.i.LeaseTimeCalculator - Examining field: id
TRACE 17:02:46.519 c.t.i.j.s.c.c.i.LeaseTimeCalculator - Examining field: sourceProcess
TRACE 17:02:46.519 c.t.i.j.s.c.c.i.LeaseTimeCalculator - Examining field: sourceComponent
TRACE 17:02:46.519 c.t.i.j.s.c.c.i.LeaseTimeCalculator - Examining field: createdAt
TRACE 17:02:46.520 c.t.i.j.s.c.c.i.LeaseTimeCalculator - Examining field: traceId
TRACE 17:02:46.520 c.t.i.j.s.c.c.i.LeaseTimeCalculator - Examining field: expireAfter
TRACE 17:02:46.520 c.t.i.j.s.c.c.i.LeaseTimeCalculator - Obtaining lease from field @LeaseFor java.lang.Long expireAfter
TRACE 17:02:46.520 c.t.i.j.s.c.c.i.LeaseTimeCalculator - Examining field: expireAt
TRACE 17:02:46.521 c.t.i.j.s.c.c.i.LeaseTimeCalculator - Obtaining lease from field @LeaseUntil java.util.Calendar expireAt
TRACE 17:02:46.521 c.t.i.j.s.c.c.i.LeaseTimeCalculator - com.travellinck.infrastructure.jini.space.scheduling.PublishLaterRequestEntry has lease time 9223372036854775807
DEBUG 17:02:46.615 c.t.i.j.s.c.c.i.SimpleEntryBivalve - BadLeaseTimeCleanup.takeWebEvaluation: wrote to space -> PublishLaterRequestEntry Schedule request: com.travellinck.approval.engine.impl.evaluation.evaluator.web.WebEvaluation [writeAt=null, writeAfterMS=60000] (lease for 9223372036854775807ms)
ERROR 17:02:46.788 c.t.i.j.s.s.i.PublishLaterRequestHandler - Permanently failed to process PublishLaterRequestEntry (UnusableEntryException)
INFO  17:02:46.788 c.t.i.j.s.c.c.i.a.i.FileDumpEntryAsylum - Details of unusable Entry: Caught by net.jini.core.entry.UnusableEntryException (partial entry is null, unusable fields are: (nonestuff), root cause(s) are: [java.lang.ClassCastException: cannot assign instance of com.travellinck.approval.contact.ContactChannel to field com.travellinck.approval.engine.evaluation.evaluator.ProtocolSpecificEvaluatorNotification.contactChannel of type com.travellinck.approval.contact.ContactChannel in instance of com.travellinck.approval.engine.evaluation.evaluator.EvaluateRequest]
DEBUG 17:02:46.858 c.t.i.j.s.c.c.i.SimpleEntryBivalve - BadLeaseTimeCleanup.takeWebEvaluation: took from space <- WebEvaluation  (id=8816de39-8f75-4604-b3d6-1f86e9e926ef, startedBy=EvaluateRequest isRetry=false, evaluationRequest.id=a0d1db01-40c1-4a99-afc7-a6810f901e14 via=http, contactChannel=http://uat.travellinck.com/approvalevaluation/resources/evaluation/a0d1db01-40c1-4a99-afc7-a6810f901e14, organisation=http://www.travellinck.com, routing=http://www.travellinck.com (id=8816de39-8f75-4604-b3d6-1f86e9e926ef, sourceProcess=a0d1db01-40c1-4a99-afc7-a6810f901e14, sourceComponent=null, traceId=0364b060-a0b5-438a-ba15-665aa8f918ee, createdAt=Wed Jun 24 16:55:36 SAST 2015), traceId=0364b060-a0b5-438a-ba15-665aa8f918ee)
TRACE 17:02:46.858 c.t.i.j.s.c.c.i.LeaseTimeCalculator - Calculating lease time for an entry of type com.travellinck.approval.engine.impl.evaluation.evaluator.web.WebEvaluation
TRACE 17:02:46.858 c.t.i.j.s.c.c.i.LeaseTimeCalculator - Examining field: evaluationRequestId
TRACE 17:02:46.859 c.t.i.j.s.c.c.i.LeaseTimeCalculator - Examining field: startedBy
TRACE 17:02:46.859 c.t.i.j.s.c.c.i.LeaseTimeCalculator - Examining field: ownerComponent
TRACE 17:02:46.859 c.t.i.j.s.c.c.i.LeaseTimeCalculator - Examining field: id
TRACE 17:02:46.860 c.t.i.j.s.c.c.i.LeaseTimeCalculator - Examining field: createdAt
TRACE 17:02:46.860 c.t.i.j.s.c.c.i.LeaseTimeCalculator - Examining field: expireAfter
TRACE 17:02:46.861 c.t.i.j.s.c.c.i.LeaseTimeCalculator - Obtaining lease from field @LeaseFor java.lang.Long expireAfter
TRACE 17:02:46.861 c.t.i.j.s.c.c.i.LeaseTimeCalculator - Examining field: expireAt
TRACE 17:02:46.861 c.t.i.j.s.c.c.i.LeaseTimeCalculator - Obtaining lease from field @LeaseUntil java.util.Calendar expireAt
TRACE 17:02:46.861 c.t.i.j.s.c.c.i.LeaseTimeCalculator - Examining field: traceId
TRACE 17:02:46.861 c.t.i.j.s.c.c.i.LeaseTimeCalculator - Examining field: state
TRACE 17:02:46.862 c.t.i.j.s.c.c.i.LeaseTimeCalculator - com.travellinck.approval.engine.impl.evaluation.evaluator.web.WebEvaluation has lease time 0
INFO  17:02:46.862 c.t.a.e.i.c.BadLeaseTimeCleanup - Counts (WebEvaluation)	Rem: 1	 Upd: 1	 Unm: 0
DEBUG 17:02:46.862 c.t.i.j.s.c.c.i.SimpleEntryBivalve - Validating 0 Entry objects
DEBUG 17:03:29.201 c.t.j.s.a.query.impl.QueryService - ENTRY: Short Message Exchange (Message Exchange ID: 2eb96eb0-45aa-4521-af07-0ac6a0cf2b2c, From: MobileUser (Name: TravelLinck Approval, Mobile Number: 44987), To: MobileUser (Name: Sgt.. Test Sergeant, Mobile Number: 27826712564), Sent Message: TRAVEL APPROVAL REQUEST
G. Withey. 4 Sep 2015.
Order 16236: test, with:  test, at: test.
1 flight. 
Approx cost ZAR 1403.92. 
To Approve/Reject, reply "Yes G32" or "No G32" before 17:00, 25 Jun., Reply Expected: true, Reply ID: G32, Reply Message: null, Relevant Until: Thu Jun 25 17:00:26 SAST 2015, Status: SENT)
INFO  17:03:29.205 c.t.j.s.a.query.impl.QueryService - Count for com.travellinck.supplier.clickatell.adaptor.ShortMessageExchange = 1
DEBUG 17:03:29.733 c.t.j.s.a.query.impl.QueryService - ENTRY: ApprovalProcessStateEntry  (id=63fde762-4157-40b7-8e19-e0b53ce37500, startedBy=ApprovalRequest requiredConclusionTime=Fri Sep 04 18:00:00 GMT+02:00 2015, messageToEvaluator=, businessRequest=com.travellinck.transit._2008a.corporate.CorporateTravelRequest (instance), supportingInfo=1 item(s), organisation=http://www.travellinck.com, resubmissionOf=null, requestedBy=Mr. Graham Withey - goes by 'Graham' (uri:http://www.travellinck.com/person/42545) , Employed by http://www.travellinck.com, staff code (none), contact: [tel:0112364901 (Work), mailto:graham@travellinck.com], evaluationStrategy=Nominated evaluation strategy, nomination: AllOf[AnyOf[IndividualNomination: Sgt.. Test Sergeant (uri:http://www.travellinck.com/person/62024) , Employed by http://www.travellinck.com, staff code , contact: [mailto:graham@travellinck.com (Work), tel:0826712564 (Work), sms:0826712564 (Work)]]], clientUri=null (id=63fde762-4157-40b7-8e19-e0b53ce37500, sourceProcess=null, sourceComponent=http://www.travellinck.com/corporate, traceId=c2011e86-0499-4468-9dff-7d926b644e64, createdAt=Wed Jun 24 17:00:21 SAST 2015), traceId=c2011e86-0499-4468-9dff-7d926b644e64)63fde762-4157-40b7-8e19-e0b53ce37500 for organisation http://www.travellinck.com
INFO  17:03:29.734 c.t.j.s.a.query.impl.QueryService - Count for com.travellinck.approval.engine.impl.director.state.ApprovalProcessStateEntry = 1
DEBUG 17:03:29.807 c.t.j.s.a.query.impl.QueryService - ENTRY: ApprovalProcessStateEntry  (id=839bae58-cf8b-48a9-a6f8-b6fc5948157f, startedBy=ApprovalRequest requiredConclusionTime=Fri Sep 04 18:00:00 GMT+02:00 2015, messageToEvaluator=, businessRequest=com.travellinck.transit._2008a.corporate.CorporateTravelRequest (instance), supportingInfo=1 item(s), organisation=http://www.travellinck.com, resubmissionOf=null, requestedBy=Mr. Graham Withey - goes by 'Graham' (uri:http://www.travellinck.com/person/42545) , Employed by http://www.travellinck.com, staff code (none), contact: [tel:0112364901 (Work), mailto:graham@travellinck.com], evaluationStrategy=Nominated evaluation strategy, nomination: AllOf[AnyOf[IndividualNomination: Sgt.. Test Sergeant (uri:http://www.travellinck.com/person/62024) , Employed by http://www.travellinck.com, staff code , contact: [mailto:graham@travellinck.com (Work), tel:0826712564 (Work), sms:0826712564 (Work)]]], clientUri=null (id=839bae58-cf8b-48a9-a6f8-b6fc5948157f, sourceProcess=null, sourceComponent=http://www.travellinck.com/corporate, traceId=0364b060-a0b5-438a-ba15-665aa8f918ee, createdAt=Wed Jun 24 16:55:26 SAST 2015), traceId=0364b060-a0b5-438a-ba15-665aa8f918ee)839bae58-cf8b-48a9-a6f8-b6fc5948157f for organisation http://www.travellinck.com
INFO  17:03:29.807 c.t.j.s.a.query.impl.QueryService - Count for com.travellinck.approval.engine.impl.director.state.ApprovalProcessStateEntry = 2
DEBUG 17:03:29.829 c.t.j.s.a.query.impl.QueryService - ENTRY: Scheduled: Schedule request: com.travellinck.approval.engine.impl.director.events.ApprovalRequestConclusionTimeReached [writeAt=Fri Sep 04 18:00:00 GMT+02:00 2015, writeAfterMS=null](scheduleRequestId=d776f443-421c-4e71-88de-8e14f325f9ca)
INFO  17:03:29.829 c.t.j.s.a.query.impl.QueryService - Count for com.travellinck.infrastructure.jini.space.scheduling.impl.ActivelyScheduledEventPublication = 1
DEBUG 17:03:29.833 c.t.j.s.a.query.impl.QueryService - ENTRY: Scheduled: Schedule request: com.travellinck.approval.engine.impl.director.events.ApprovalRequestConclusionTimeReached [writeAt=Fri Sep 04 18:00:00 GMT+02:00 2015, writeAfterMS=null](scheduleRequestId=ba9981c0-93a6-4e46-b4e9-27ded870f289)
INFO  17:03:29.833 c.t.j.s.a.query.impl.QueryService - Count for com.travellinck.infrastructure.jini.space.scheduling.impl.ActivelyScheduledEventPublication = 2
DEBUG 17:03:29.841 c.t.j.s.a.query.impl.QueryService - ENTRY: Scheduled: Schedule request: com.travellinck.approval.engine.impl.evaluation.liason.events.EvaluationResponseRequiredByReached [writeAt=Thu Jun 25 17:00:26 SAST 2015, writeAfterMS=null](scheduleRequestId=50e3a843-3a22-492f-ac4c-e93e68c348bb)
INFO  17:03:29.842 c.t.j.s.a.query.impl.QueryService - Count for com.travellinck.infrastructure.jini.space.scheduling.impl.ActivelyScheduledEventPublication = 3
DEBUG 17:03:29.925 c.t.j.s.a.query.impl.QueryService - ENTRY:  (id=5d6cafd0-edba-408d-8a90-1ebbeac177f4, startedBy=EvaluateRequest isRetry=false, evaluationRequest.id=56367828-10de-4c70-8a71-8f9e0716cd3e via=mailto, contactChannel=mailto:graham@travellinck.com (Work), organisation=http://www.travellinck.com, routing=http://www.travellinck.com (id=5d6cafd0-edba-408d-8a90-1ebbeac177f4, sourceProcess=56367828-10de-4c70-8a71-8f9e0716cd3e, sourceComponent=null, traceId=c2011e86-0499-4468-9dff-7d926b644e64, createdAt=Wed Jun 24 17:00:27 SAST 2015), traceId=c2011e86-0499-4468-9dff-7d926b644e64, mailId=5d6cafd0-edba-408d-8a90-1ebbeac177f4, evaluationRequestId=56367828-10de-4c70-8a71-8f9e0716cd3e)
INFO  17:03:29.926 c.t.j.s.a.query.impl.QueryService - Count for com.travellinck.approval.engine.impl.evaluation.evaluator.email.EMailEvaluation = 1
DEBUG 17:03:29.993 c.t.j.s.a.query.impl.QueryService - ENTRY:  (id=182d9c13-bb22-40a5-a9ed-f6b020b284a0, startedBy=EvaluateRequest isRetry=false, evaluationRequest.id=a0d1db01-40c1-4a99-afc7-a6810f901e14 via=mailto, contactChannel=mailto:graham@travellinck.com (Work), organisation=http://www.travellinck.com, routing=http://www.travellinck.com (id=182d9c13-bb22-40a5-a9ed-f6b020b284a0, sourceProcess=a0d1db01-40c1-4a99-afc7-a6810f901e14, sourceComponent=null, traceId=0364b060-a0b5-438a-ba15-665aa8f918ee, createdAt=Wed Jun 24 16:55:36 SAST 2015), traceId=0364b060-a0b5-438a-ba15-665aa8f918ee, mailId=182d9c13-bb22-40a5-a9ed-f6b020b284a0, evaluationRequestId=a0d1db01-40c1-4a99-afc7-a6810f901e14)
INFO  17:03:29.994 c.t.j.s.a.query.impl.QueryService - Count for com.travellinck.approval.engine.impl.evaluation.evaluator.email.EMailEvaluation = 2
DEBUG 17:03:30.064 c.t.j.s.a.query.impl.QueryService - ENTRY:  (id=ed06527e-dc13-4ee9-b778-1a4282749f8c, startedBy=EvaluateRequest isRetry=false, evaluationRequest.id=56367828-10de-4c70-8a71-8f9e0716cd3e via=sms, contactChannel=sms:0826712564 (Work), organisation=http://www.travellinck.com, routing=http://www.travellinck.com (id=ed06527e-dc13-4ee9-b778-1a4282749f8c, sourceProcess=56367828-10de-4c70-8a71-8f9e0716cd3e, sourceComponent=null, traceId=c2011e86-0499-4468-9dff-7d926b644e64, createdAt=Wed Jun 24 17:00:27 SAST 2015), traceId=c2011e86-0499-4468-9dff-7d926b644e64, messageExchangeId=2eb96eb0-45aa-4521-af07-0ac6a0cf2b2c, evaluationRequestId=56367828-10de-4c70-8a71-8f9e0716cd3e)
INFO  17:03:30.064 c.t.j.s.a.query.impl.QueryService - Count for com.travellinck.approval.engine.impl.evaluation.evaluator.sms.ShortMessageEvaluation = 1
DEBUG 17:03:30.136 c.t.j.s.a.query.impl.QueryService - ENTRY:  (id=59dfcee8-c9dc-4e32-bff1-3ee7c472249b, startedBy=EvaluateRequest isRetry=false, evaluationRequest.id=a0d1db01-40c1-4a99-afc7-a6810f901e14 via=sms, contactChannel=sms:0826712564 (Work), organisation=http://www.travellinck.com, routing=http://www.travellinck.com (id=59dfcee8-c9dc-4e32-bff1-3ee7c472249b, sourceProcess=a0d1db01-40c1-4a99-afc7-a6810f901e14, sourceComponent=null, traceId=0364b060-a0b5-438a-ba15-665aa8f918ee, createdAt=Wed Jun 24 16:55:36 SAST 2015), traceId=0364b060-a0b5-438a-ba15-665aa8f918ee, messageExchangeId=60a8d20e-25df-4666-8917-b2cb87015e99, evaluationRequestId=a0d1db01-40c1-4a99-afc7-a6810f901e14)
INFO  17:03:30.136 c.t.j.s.a.query.impl.QueryService - Count for com.travellinck.approval.engine.impl.evaluation.evaluator.sms.ShortMessageEvaluation = 2
DEBUG 17:03:30.213 c.t.j.s.a.query.impl.QueryService - ENTRY:  (id=a0d1db01-40c1-4a99-afc7-a6810f901e14, startedBy=EvaluationRequest organisation=http://www.travellinck.com, routing=http://www.travellinck.com, responseRequiredBy=Wed Jun 24 17:00:34 SAST 2015, evaluator=Sgt.. Test Sergeant (uri:http://www.travellinck.com/person/62024) , Employed by http://www.travellinck.com, staff code , contact: [mailto:graham@travellinck.com (Work), tel:0826712564 (Work), sms:0826712564 (Work)], approvalRequest.id=839bae58-cf8b-48a9-a6f8-b6fc5948157f, evaluationHistory=0 event(s) (id=a0d1db01-40c1-4a99-afc7-a6810f901e14, sourceProcess=839bae58-cf8b-48a9-a6f8-b6fc5948157f, sourceComponent=null, traceId=0364b060-a0b5-438a-ba15-665aa8f918ee, createdAt=Wed Jun 24 16:55:35 SAST 2015), traceId=0364b060-a0b5-438a-ba15-665aa8f918ee)
INFO  17:03:30.214 c.t.j.s.a.query.impl.QueryService - Count for com.travellinck.approval.engine.impl.evaluation.liason.LiaisonProcess = 1
DEBUG 17:03:30.286 c.t.j.s.a.query.impl.QueryService - ENTRY:  (id=56367828-10de-4c70-8a71-8f9e0716cd3e, startedBy=EvaluationRequest organisation=http://www.travellinck.com, routing=http://www.travellinck.com, responseRequiredBy=Thu Jun 25 17:00:26 SAST 2015, evaluator=Sgt.. Test Sergeant (uri:http://www.travellinck.com/person/62024) , Employed by http://www.travellinck.com, staff code , contact: [mailto:graham@travellinck.com (Work), tel:0826712564 (Work), sms:0826712564 (Work)], approvalRequest.id=63fde762-4157-40b7-8e19-e0b53ce37500, evaluationHistory=0 event(s) (id=56367828-10de-4c70-8a71-8f9e0716cd3e, sourceProcess=63fde762-4157-40b7-8e19-e0b53ce37500, sourceComponent=null, traceId=c2011e86-0499-4468-9dff-7d926b644e64, createdAt=Wed Jun 24 17:00:26 SAST 2015), traceId=c2011e86-0499-4468-9dff-7d926b644e64)
INFO  17:03:30.286 c.t.j.s.a.query.impl.QueryService - Count for com.travellinck.approval.engine.impl.evaluation.liason.LiaisonProcess = 2
DEBUG 17:03:55.778 o.r.cybernode.ServiceConsumer - Canceling all event registrations to Provisioner instances
INFO  17:03:55.782 o.r.monitor.ServiceProvisioner - Cybernode-15566@uat.travellinck.com @ 10.10.7.12 removed, count now [0]
INFO  17:03:55.788 o.r.cybernode.ServiceConsumer - Dropping ProvisionManager, now connected to [0] ProvisionMonitor instances
INFO  17:03:55.835 o.rioproject.jsb.ServiceBeanAdapter - Destroy com.travellinck/com.travellinck.ScheduledPublisher:1
DEBUG 17:03:55.837 c.t.i.j.s.s.i.PublishLaterRequestHandler - Stopping
INFO  17:03:55.838 c.t.i.j.s.s.i.PublishLaterRequestHandler - Stopped
WARN  17:03:55.838 c.t.i.j.s.s.i.PublishLaterRequestHandler - Processing has been interrupted
WARN  17:03:55.842 o.rioproject.jsb.ServiceBeanAdapter - UnexportTask interrupted
DEBUG 17:03:55.844 o.r.c.TransientServiceStatementManager - com.travellinck.ScheduledPublisher is Inactive, Removed Records
INFO  17:03:55.844 org.rioproject.cybernode.loader - Discarded [com.travellinck/com.travellinck.ScheduledPublisher, instance:1], total services active: 5
ERROR 17:03:55.849 c.t.i.j.s.s.i.PublishLaterRequestHandler - Transaction failed, failed to process PublishLaterRequestEntry
java.rmi.NoSuchObjectException: no such object in table
	at net.jini.jeri.BasicObjectEndpoint.executeCall(BasicObjectEndpoint.java:419) ~[jsk-platform-2.2.1.jar:2.2.0]
	at net.jini.jeri.BasicInvocationHandler.invokeRemoteMethodOnce(BasicInvocationHandler.java:806) ~[jsk-platform-2.2.1.jar:2.2.0]
	at net.jini.jeri.BasicInvocationHandler.invokeRemoteMethod(BasicInvocationHandler.java:659) ~[jsk-platform-2.2.1.jar:2.2.0]
	at net.jini.jeri.BasicInvocationHandler.invoke(BasicInvocationHandler.java:528) ~[jsk-platform-2.2.1.jar:2.2.0]
	at $Proxy112.abort(Unknown Source) ~[na:na]
	at com.sun.jini.mahalo.TxnMgrProxy.abort(TxnMgrProxy.java:139) ~[na:na]
	at net.jini.core.transaction.server.ServerTransaction.abort(ServerTransaction.java:105) ~[jsk-platform-2.2.1.jar:2.2.0]
	at com.travellinck.infrastructure.jini.space.scheduling.impl.PublishLaterRequestHandler$2.call(PublishLaterRequestHandler.java:175) ~[scheduling-components-1.1.jar:na]
	at java.util.concurrent.FutureTask$Sync.innerRun(FutureTask.java:334) [na:1.7.0_07]
	at java.util.concurrent.FutureTask.run(FutureTask.java:166) [na:1.7.0_07]
	at java.util.concurrent.ThreadPoolExecutor.runWorker(ThreadPoolExecutor.java:1110) [na:1.7.0_07]
	at java.util.concurrent.ThreadPoolExecutor$Worker.run(ThreadPoolExecutor.java:603) [na:1.7.0_07]
	at java.lang.Thread.run(Thread.java:722) [na:1.7.0_07]
DEBUG 17:03:55.850 c.t.i.j.s.s.i.PublishLaterRequestHandler - Request processing complete (shutdown)
DEBUG 17:03:55.853 c.t.c.w.p.AssociatedServicesPublisher - Stopping
INFO  17:03:55.853 c.t.c.w.publishing.container - Stopping
INFO  17:03:55.866 o.rioproject.jsb.ServiceBeanAdapter - Destroy com.travellinck/WebServicePublisher:1
WARN  17:03:55.874 o.rioproject.jsb.ServiceBeanAdapter - UnexportTask interrupted
DEBUG 17:03:55.875 o.r.c.TransientServiceStatementManager - WebServicePublisher is Inactive, Removed Records
INFO  17:03:55.876 org.rioproject.cybernode.loader - Discarded [com.travellinck/WebServicePublisher, instance:1], total services active: 4
INFO  17:03:55.904 o.rioproject.jsb.ServiceBeanAdapter - Destroy com.travellinck/com.travellinck.TransactionUtility:1
WARN  17:03:55.910 o.rioproject.jsb.ServiceBeanAdapter - UnexportTask interrupted
DEBUG 17:03:55.913 o.r.c.TransientServiceStatementManager - com.travellinck.TransactionUtility is Inactive, Removed Records
INFO  17:03:55.913 org.rioproject.cybernode.loader - Discarded [com.travellinck/com.travellinck.TransactionUtility, instance:1], total services active: 2
INFO  17:03:55.923 o.rioproject.jsb.ServiceBeanAdapter - Destroy com.travellinck/com.travellinck.space.admin.Query:1
WARN  17:03:55.926 o.rioproject.jsb.ServiceBeanAdapter - UnexportTask interrupted
DEBUG 17:03:55.927 o.r.c.TransientServiceStatementManager - com.travellinck.space.admin.Query is Inactive, Removed Records
INFO  17:03:55.927 org.rioproject.cybernode.loader - Discarded [com.travellinck/com.travellinck.space.admin.Query, instance:1], total services active: 1
INFO  17:03:55.957 o.rioproject.jsb.ServiceBeanAdapter - Destroy com.travellinck/com.travellinck.CleanupWorker:1
INFO  17:03:55.968 c.t.i.r.s.c.SpaceComponentAdaptor - Stopping worker: com.travellinck.approval.engine.impl.cleanup.BadLeaseTimeCleanup
DEBUG 17:03:55.969 c.t.i.j.s.c.c.i.SimpleEntryConduit - Stopping: com.travellinck.approval.engine.impl.cleanup.BadLeaseTimeCleanup
DEBUG 17:03:55.969 c.t.i.j.s.c.c.i.SimpleEntryConduit - Closing: EntryBiValve [com.travellinck.approval.engine.impl.cleanup.BadLeaseTimeCleanup@2b52d1fd <--> org.dancres.blitz.remote.ConstrainableBlitzProxy@e7a5538b]: takeWebEvaluation <- [com.travellinck.approval.engine.impl.evaluation.evaluator.web.WebEvaluation(id=null, templateProducer=null, binding=null, waitUpTo=forever)]
DEBUG 17:03:55.969 c.t.i.j.s.c.c.i.SimpleEntryConduit - Closing: EntryBiValve [com.travellinck.approval.engine.impl.cleanup.BadLeaseTimeCleanup@2b52d1fd <--> org.dancres.blitz.remote.ConstrainableBlitzProxy@e7a5538b]: takeApprovalConcluded <- [com.travellinck.approval.engine.ApprovalConcludedEvent(id=null, templateProducer=null, binding=null, waitUpTo=forever)]
DEBUG 17:03:55.970 c.t.i.r.s.c.SpaceComponentAdaptor - De-registering watches for: com.travellinck.approval.engine.impl.cleanup.BadLeaseTimeCleanup@2b52d1fd
WARN  17:03:55.970 c.t.i.r.s.c.SpaceComponentAdaptor - Error de-registering watches: null
DEBUG 17:03:55.970 c.t.i.r.s.c.SpaceComponentAdaptor - Stopped worker: com.travellinck.approval.engine.impl.cleanup.BadLeaseTimeCleanup
WARN  17:03:55.977 o.rioproject.jsb.ServiceBeanAdapter - UnexportTask interrupted
ERROR 17:03:55.989 c.t.i.j.s.c.c.i.SimpleEntryBivalve - Failed to invoke worker com.travellinck.CleanupWorker #takeWebEvaluation
net.jini.core.transaction.TransactionException: Search interrupted
	at org.dancres.blitz.SpaceImpl.find(SpaceImpl.java:274) ~[na:na]
	at org.dancres.blitz.SpaceImpl.take(SpaceImpl.java:294) ~[na:na]
	at org.dancres.blitz.remote.BlitzServiceImpl.take(BlitzServiceImpl.java:481) ~[na:na]
	at sun.reflect.GeneratedMethodAccessor88.invoke(Unknown Source) ~[na:na]
	at sun.reflect.DelegatingMethodAccessorImpl.invoke(DelegatingMethodAccessorImpl.java:43) ~[na:1.7.0_07]
	at java.lang.reflect.Method.invoke(Method.java:601) ~[na:1.7.0_07]
	at net.jini.jeri.BasicInvocationDispatcher.invoke(BasicInvocationDispatcher.java:1126) ~[jsk-platform-2.2.1.jar:2.2.0]
	at net.jini.jeri.BasicInvocationDispatcher.dispatch(BasicInvocationDispatcher.java:608) ~[jsk-platform-2.2.1.jar:2.2.0]
	at com.sun.jini.jeri.internal.runtime.Target$2.run(Target.java:487) ~[jsk-platform-2.2.1.jar:2.2.0]
	at net.jini.export.ServerContext.doWithServerContext(ServerContext.java:108) ~[jsk-platform-2.2.1.jar:2.2.0]
	at com.sun.jini.jeri.internal.runtime.Target.dispatch(Target.java:484) ~[jsk-platform-2.2.1.jar:2.2.0]
	at com.sun.jini.jeri.internal.runtime.Target.access$000(Target.java:57) ~[jsk-platform-2.2.1.jar:2.2.0]
	at com.sun.jini.jeri.internal.runtime.Target$1.run(Target.java:464) ~[jsk-platform-2.2.1.jar:2.2.0]
	at com.sun.jini.start.AggregatePolicyProvider$AggregateSecurityContext$2.run(AggregatePolicyProvider.java:527) ~[start-2.2.1.jar:na]
	at java.security.AccessController.doPrivileged(Native Method) ~[na:1.7.0_07]
	at com.sun.jini.jeri.internal.runtime.Target.dispatch(Target.java:461) ~[jsk-platform-2.2.1.jar:2.2.0]
	at com.sun.jini.jeri.internal.runtime.Target.dispatch(Target.java:426) ~[jsk-platform-2.2.1.jar:2.2.0]
	at com.sun.jini.jeri.internal.runtime.DgcRequestDispatcher.dispatch(DgcRequestDispatcher.java:210) ~[jsk-platform-2.2.1.jar:2.2.0]
	at net.jini.jeri.connection.ServerConnectionManager$Dispatcher.dispatch(ServerConnectionManager.java:147) ~[jsk-platform-2.2.1.jar:2.2.0]
	at com.sun.jini.jeri.internal.mux.MuxServer$1$1.run(MuxServer.java:244) ~[jsk-platform-2.2.1.jar:2.2.0]
	at com.sun.jini.start.AggregatePolicyProvider$AggregateSecurityContext$1.run(AggregatePolicyProvider.java:513) ~[start-2.2.1.jar:na]
	at com.sun.jini.start.AggregatePolicyProvider$AggregateSecurityContext$1.run(AggregatePolicyProvider.java:513) ~[start-2.2.1.jar:na]
	at java.security.AccessController.doPrivileged(Native Method) ~[na:1.7.0_07]
	at com.sun.jini.jeri.internal.mux.MuxServer$1.run(MuxServer.java:241) ~[jsk-platform-2.2.1.jar:2.2.0]
	at com.sun.jini.thread.ThreadPool$Worker.run(ThreadPool.java:136) ~[jsk-platform-2.2.1.jar:2.2.0]
	at java.lang.Thread.run(Thread.java:722) [na:1.7.0_07]
	at com.sun.jini.jeri.internal.runtime.Util.__________EXCEPTION_RECEIVED_FROM_SERVER__________(Util.java:108) ~[jsk-platform-2.2.1.jar:2.2.0]
	at com.sun.jini.jeri.internal.runtime.Util.exceptionReceivedFromServer(Util.java:101) ~[jsk-platform-2.2.1.jar:2.2.0]
	at net.jini.jeri.BasicInvocationHandler.unmarshalThrow(BasicInvocationHandler.java:1303) ~[jsk-platform-2.2.1.jar:2.2.0]
	at net.jini.jeri.BasicInvocationHandler.invokeRemoteMethodOnce(BasicInvocationHandler.java:832) ~[jsk-platform-2.2.1.jar:2.2.0]
	at net.jini.jeri.BasicInvocationHandler.invokeRemoteMethod(BasicInvocationHandler.java:659) ~[jsk-platform-2.2.1.jar:2.2.0]
	at net.jini.jeri.BasicInvocationHandler.invoke(BasicInvocationHandler.java:528) ~[jsk-platform-2.2.1.jar:2.2.0]
	at $Proxy98.take(Unknown Source) ~[na:na]
	at org.dancres.blitz.remote.BlitzProxy.take(BlitzProxy.java:157) ~[na:na]
	at org.dancres.blitz.remote.ConstrainableBlitzProxy.take(ConstrainableBlitzProxy.java:43) ~[na:na]
	at com.travellinck.infrastructure.jini.space.component.conduit.impl.SimpleEntryBivalve.pullInputs(SimpleEntryBivalve.java:340) ~[javaspaces-utilities-1.10.1.jar:na]
	at com.travellinck.infrastructure.jini.space.component.conduit.impl.SimpleEntryBivalve.access$500(SimpleEntryBivalve.java:52) ~[javaspaces-utilities-1.10.1.jar:na]
	at com.travellinck.infrastructure.jini.space.component.conduit.impl.SimpleEntryBivalve$1.call(SimpleEntryBivalve.java:107) ~[javaspaces-utilities-1.10.1.jar:na]
	at java.util.concurrent.FutureTask$Sync.innerRun(FutureTask.java:334) [na:1.7.0_07]
	at java.util.concurrent.FutureTask.run(FutureTask.java:166) [na:1.7.0_07]
	at java.util.concurrent.ThreadPoolExecutor.runWorker(ThreadPoolExecutor.java:1110) [na:1.7.0_07]
	at java.util.concurrent.ThreadPoolExecutor$Worker.run(ThreadPoolExecutor.java:603) [na:1.7.0_07]
	at java.lang.Thread.run(Thread.java:722) [na:1.7.0_07]
ERROR 17:03:55.989 c.t.i.j.s.c.c.i.SimpleEntryBivalve - Failed to invoke worker com.travellinck.CleanupWorker #takeApprovalConcluded
net.jini.core.transaction.TransactionException: Search interrupted
	at org.dancres.blitz.SpaceImpl.find(SpaceImpl.java:274) ~[na:na]
	at org.dancres.blitz.SpaceImpl.take(SpaceImpl.java:294) ~[na:na]
	at org.dancres.blitz.remote.BlitzServiceImpl.take(BlitzServiceImpl.java:481) ~[na:na]
	at sun.reflect.GeneratedMethodAccessor88.invoke(Unknown Source) ~[na:na]
	at sun.reflect.DelegatingMethodAccessorImpl.invoke(DelegatingMethodAccessorImpl.java:43) ~[na:1.7.0_07]
	at java.lang.reflect.Method.invoke(Method.java:601) ~[na:1.7.0_07]
	at net.jini.jeri.BasicInvocationDispatcher.invoke(BasicInvocationDispatcher.java:1126) ~[jsk-platform-2.2.1.jar:2.2.0]
	at net.jini.jeri.BasicInvocationDispatcher.dispatch(BasicInvocationDispatcher.java:608) ~[jsk-platform-2.2.1.jar:2.2.0]
	at com.sun.jini.jeri.internal.runtime.Target$2.run(Target.java:487) ~[jsk-platform-2.2.1.jar:2.2.0]
	at net.jini.export.ServerContext.doWithServerContext(ServerContext.java:108) ~[jsk-platform-2.2.1.jar:2.2.0]
	at com.sun.jini.jeri.internal.runtime.Target.dispatch(Target.java:484) ~[jsk-platform-2.2.1.jar:2.2.0]
	at com.sun.jini.jeri.internal.runtime.Target.access$000(Target.java:57) ~[jsk-platform-2.2.1.jar:2.2.0]
	at com.sun.jini.jeri.internal.runtime.Target$1.run(Target.java:464) ~[jsk-platform-2.2.1.jar:2.2.0]
	at com.sun.jini.start.AggregatePolicyProvider$AggregateSecurityContext$2.run(AggregatePolicyProvider.java:527) ~[start-2.2.1.jar:na]
	at java.security.AccessController.doPrivileged(Native Method) ~[na:1.7.0_07]
	at com.sun.jini.jeri.internal.runtime.Target.dispatch(Target.java:461) ~[jsk-platform-2.2.1.jar:2.2.0]
	at com.sun.jini.jeri.internal.runtime.Target.dispatch(Target.java:426) ~[jsk-platform-2.2.1.jar:2.2.0]
	at com.sun.jini.jeri.internal.runtime.DgcRequestDispatcher.dispatch(DgcRequestDispatcher.java:210) ~[jsk-platform-2.2.1.jar:2.2.0]
	at net.jini.jeri.connection.ServerConnectionManager$Dispatcher.dispatch(ServerConnectionManager.java:147) ~[jsk-platform-2.2.1.jar:2.2.0]
	at com.sun.jini.jeri.internal.mux.MuxServer$1$1.run(MuxServer.java:244) ~[jsk-platform-2.2.1.jar:2.2.0]
	at com.sun.jini.start.AggregatePolicyProvider$AggregateSecurityContext$1.run(AggregatePolicyProvider.java:513) ~[start-2.2.1.jar:na]
	at com.sun.jini.start.AggregatePolicyProvider$AggregateSecurityContext$1.run(AggregatePolicyProvider.java:513) ~[start-2.2.1.jar:na]
	at java.security.AccessController.doPrivileged(Native Method) ~[na:1.7.0_07]
	at com.sun.jini.jeri.internal.mux.MuxServer$1.run(MuxServer.java:241) ~[jsk-platform-2.2.1.jar:2.2.0]
	at com.sun.jini.thread.ThreadPool$Worker.run(ThreadPool.java:136) ~[jsk-platform-2.2.1.jar:2.2.0]
	at java.lang.Thread.run(Thread.java:722) [na:1.7.0_07]
	at com.sun.jini.jeri.internal.runtime.Util.__________EXCEPTION_RECEIVED_FROM_SERVER__________(Util.java:108) ~[jsk-platform-2.2.1.jar:2.2.0]
	at com.sun.jini.jeri.internal.runtime.Util.exceptionReceivedFromServer(Util.java:101) ~[jsk-platform-2.2.1.jar:2.2.0]
	at net.jini.jeri.BasicInvocationHandler.unmarshalThrow(BasicInvocationHandler.java:1303) ~[jsk-platform-2.2.1.jar:2.2.0]
	at net.jini.jeri.BasicInvocationHandler.invokeRemoteMethodOnce(BasicInvocationHandler.java:832) ~[jsk-platform-2.2.1.jar:2.2.0]
	at net.jini.jeri.BasicInvocationHandler.invokeRemoteMethod(BasicInvocationHandler.java:659) ~[jsk-platform-2.2.1.jar:2.2.0]
	at net.jini.jeri.BasicInvocationHandler.invoke(BasicInvocationHandler.java:528) ~[jsk-platform-2.2.1.jar:2.2.0]
	at $Proxy98.take(Unknown Source) ~[na:na]
	at org.dancres.blitz.remote.BlitzProxy.take(BlitzProxy.java:157) ~[na:na]
	at org.dancres.blitz.remote.ConstrainableBlitzProxy.take(ConstrainableBlitzProxy.java:43) ~[na:na]
	at com.travellinck.infrastructure.jini.space.component.conduit.impl.SimpleEntryBivalve.pullInputs(SimpleEntryBivalve.java:340) ~[javaspaces-utilities-1.10.1.jar:na]
	at com.travellinck.infrastructure.jini.space.component.conduit.impl.SimpleEntryBivalve.access$500(SimpleEntryBivalve.java:52) ~[javaspaces-utilities-1.10.1.jar:na]
	at com.travellinck.infrastructure.jini.space.component.conduit.impl.SimpleEntryBivalve$1.call(SimpleEntryBivalve.java:107) ~[javaspaces-utilities-1.10.1.jar:na]
	at java.util.concurrent.FutureTask$Sync.innerRun(FutureTask.java:334) [na:1.7.0_07]
	at java.util.concurrent.FutureTask.run(FutureTask.java:166) [na:1.7.0_07]
	at java.util.concurrent.ThreadPoolExecutor.runWorker(ThreadPoolExecutor.java:1110) [na:1.7.0_07]
	at java.util.concurrent.ThreadPoolExecutor$Worker.run(ThreadPoolExecutor.java:603) [na:1.7.0_07]
	at java.lang.Thread.run(Thread.java:722) [na:1.7.0_07]
DEBUG 17:03:55.991 o.r.c.TransientServiceStatementManager - com.travellinck.CleanupWorker is Inactive, Removed Records
INFO  17:03:55.991 org.rioproject.cybernode.loader - Discarded [com.travellinck/com.travellinck.CleanupWorker, instance:1], total services active: 0
INFO  17:03:55.992 o.rioproject.cybernode.CybernodeImpl - Cybernode: destroy() notification
DEBUG 17:03:56.014 o.r.monitor.ProvisionMonitorImpl - ProvisionMonitor: destroy() notification
DEBUG 17:03:56.016 o.r.m.m.PendingServiceElementManager - Dynamic-Service TestManager: There are no pending instances of [com.travellinck/WebServicePublisher] to remove 
DEBUG 17:03:56.017 o.r.m.m.PendingServiceElementManager - Dynamic-Service TestManager: There are no pending instances of [com.travellinck/com.travellinck.Space] to remove 
DEBUG 17:03:56.017 o.r.m.m.PendingServiceElementManager - Dynamic-Service TestManager: There are no pending instances of [com.travellinck/TransactionManager] to remove 
DEBUG 17:03:56.017 o.r.m.m.PendingServiceElementManager - Dynamic-Service TestManager: There are no pending instances of [com.travellinck/com.travellinck.TransactionUtility] to remove 
DEBUG 17:03:56.018 o.r.m.m.PendingServiceElementManager - Dynamic-Service TestManager: There are no pending instances of [com.travellinck/com.travellinck.ScheduledPublisher] to remove 
DEBUG 17:03:56.018 o.r.m.m.PendingServiceElementManager - Dynamic-Service TestManager: There are no pending instances of [com.travellinck/com.travellinck.space.admin.Query] to remove 
DEBUG 17:03:56.023 o.r.m.m.PendingServiceElementManager - Dynamic-Service TestManager: There are no pending instances of [com.travellinck/com.travellinck.CleanupWorker] to remove 
INFO  17:03:56.025 org.rioproject.monitor - OpStringManager [com.travellinck] terminated
ERROR 17:03:56.026 c.t.i.j.s.c.c.i.SimpleEntryBivalve - Failed to abort transaction in response to failure (state of space may be inconsistent!)
java.rmi.NoSuchObjectException: no such object in table
	at net.jini.jeri.BasicObjectEndpoint.executeCall(BasicObjectEndpoint.java:419) ~[jsk-platform-2.2.1.jar:2.2.0]
	at net.jini.jeri.BasicInvocationHandler.invokeRemoteMethodOnce(BasicInvocationHandler.java:806) ~[jsk-platform-2.2.1.jar:2.2.0]
	at net.jini.jeri.BasicInvocationHandler.invokeRemoteMethod(BasicInvocationHandler.java:659) ~[jsk-platform-2.2.1.jar:2.2.0]
	at net.jini.jeri.BasicInvocationHandler.invoke(BasicInvocationHandler.java:528) ~[jsk-platform-2.2.1.jar:2.2.0]
	at $Proxy61.abort(Unknown Source) ~[na:na]
	at com.sun.jini.mahalo.TxnMgrProxy.abort(TxnMgrProxy.java:139) ~[na:na]
	at net.jini.core.transaction.server.ServerTransaction.abort(ServerTransaction.java:105) ~[jsk-platform-2.2.1.jar:2.2.0]
	at com.travellinck.infrastructure.jini.space.component.conduit.impl.SimpleEntryBivalve$1.call(SimpleEntryBivalve.java:233) ~[javaspaces-utilities-1.10.1.jar:na]
	at java.util.concurrent.FutureTask$Sync.innerRun(FutureTask.java:334) [na:1.7.0_07]
	at java.util.concurrent.FutureTask.run(FutureTask.java:166) [na:1.7.0_07]
	at java.util.concurrent.ThreadPoolExecutor.runWorker(ThreadPoolExecutor.java:1110) [na:1.7.0_07]
	at java.util.concurrent.ThreadPoolExecutor$Worker.run(ThreadPoolExecutor.java:603) [na:1.7.0_07]
	at java.lang.Thread.run(Thread.java:722) [na:1.7.0_07]
ERROR 17:03:56.026 c.t.i.j.s.c.c.i.SimpleEntryBivalve - Failed to abort transaction in response to failure (state of space may be inconsistent!)
java.rmi.NoSuchObjectException: no such object in table
	at net.jini.jeri.BasicObjectEndpoint.executeCall(BasicObjectEndpoint.java:419) ~[jsk-platform-2.2.1.jar:2.2.0]
	at net.jini.jeri.BasicInvocationHandler.invokeRemoteMethodOnce(BasicInvocationHandler.java:806) ~[jsk-platform-2.2.1.jar:2.2.0]
	at net.jini.jeri.BasicInvocationHandler.invokeRemoteMethod(BasicInvocationHandler.java:659) ~[jsk-platform-2.2.1.jar:2.2.0]
	at net.jini.jeri.BasicInvocationHandler.invoke(BasicInvocationHandler.java:528) ~[jsk-platform-2.2.1.jar:2.2.0]
	at $Proxy61.abort(Unknown Source) ~[na:na]
	at com.sun.jini.mahalo.TxnMgrProxy.abort(TxnMgrProxy.java:139) ~[na:na]
	at net.jini.core.transaction.server.ServerTransaction.abort(ServerTransaction.java:105) ~[jsk-platform-2.2.1.jar:2.2.0]
	at com.travellinck.infrastructure.jini.space.component.conduit.impl.SimpleEntryBivalve$1.call(SimpleEntryBivalve.java:233) ~[javaspaces-utilities-1.10.1.jar:na]
	at java.util.concurrent.FutureTask$Sync.innerRun(FutureTask.java:334) [na:1.7.0_07]
	at java.util.concurrent.FutureTask.run(FutureTask.java:166) [na:1.7.0_07]
	at java.util.concurrent.ThreadPoolExecutor.runWorker(ThreadPoolExecutor.java:1110) [na:1.7.0_07]
	at java.util.concurrent.ThreadPoolExecutor$Worker.run(ThreadPoolExecutor.java:603) [na:1.7.0_07]
	at java.lang.Thread.run(Thread.java:722) [na:1.7.0_07]
INFO  17:03:56.029 o.rioproject.jsb.ServiceBeanAdapter - Destroy System-Core/Provision Monitor:0
WARN  17:03:56.032 o.rioproject.jsb.ServiceBeanAdapter - UnexportTask interrupted
INFO  17:03:56.033 o.r.monitor.ProvisionMonitorImpl - Destroyed Monitor
