INFO  15:23:45.390 o.r.monitor.ProvisionMonitorImpl - 
____ _ ____
|__/ | |  |   Provision Monitor
|  \ | |__|   Version: 5.0-M3, Build: 20130709-1639

Rio Home: /opt/rio
Java version: 1.7.0_07, vendor: Oracle Corporation
Java home: /usr/java/jdk1.7.0_07/jre
DEBUG 15:23:45.804 o.r.monitor.ProvisionMonitorImpl - Bound to RMI Registry on port=1099
INFO  15:23:45.942 o.r.m.selectors.LeastActiveSelector - Created LeastActiveSelector
INFO  15:23:45.949 org.rioproject.jmx.JMXConnectionUtil - JMXServiceURL=service:jmx:rmi://10.10.7.12:1099/jndi/rmi://10.10.7.12:1099/jmxrmi
DEBUG 15:23:46.020 o.r.monitor.ProvisionMonitorImpl - Configured to scan for OAR deployments every 30 seconds
DEBUG 15:23:46.025 o.r.m.h.FileSystemOARDeployHandler - OARs will be scanned for in this directory: /opt/rio-5.0-M3/deploy
DEBUG 15:23:46.025 o.r.m.h.FileSystemOARDeployHandler - OARs will be installed into this directory: /opt/rio-5.0-M3/deploy
DEBUG 15:23:46.037 o.r.m.peer.ProvisionMonitorPeer - ProvisionMonitorPeer: No backup
DEBUG 15:23:46.098 o.r.monitor.ProvisionMonitorImpl - initialOpStrings=[], initialOpStringLoadDelay=5000
DEBUG 15:23:46.102 o.r.monitor.ProvisionMonitorImpl - Created new ServiceID: 8d826248-2fbf-4fce-bfcf-76be78867583
INFO  15:23:46.108 o.r.watch.ThreadDeadlockMonitor - ThreadMXBean set, monitoring current JVM for thread deadlocks
INFO  15:23:46.113 o.r.monitor.ProvisionMonitorImpl - Started Provision Monitor [jboss]
INFO  15:23:46.498 o.rioproject.cybernode.CybernodeImpl - 
____ _ ____
|__/ | |  |   Cybernode
|  \ | |__|   Version: 5.0-M3, Build: 20130709-1639

Rio Home: /opt/rio
Java version: 1.7.0_07, vendor: Oracle Corporation
Java home: /usr/java/jdk1.7.0_07/jre
DEBUG 15:23:46.666 o.rioproject.cybernode.CybernodeImpl - Bound to RMI Registry on port=1099
INFO  15:23:46.670 o.r.watch.ThreadDeadlockMonitor - ThreadMXBean set, monitoring current JVM for thread deadlocks
DEBUG 15:23:46.876 o.rioproject.cybernode.CybernodeImpl - Will update discovered Provision Monitors with resource utilization details at intervals of 1 minute
DEBUG 15:23:46.884 org.rioproject.cybernode.Environment - Using ServiceStatementManager: org.rioproject.cybernode.TransientServiceStatementManager
DEBUG 15:23:46.903 o.rioproject.cybernode.CybernodeImpl - serviceTerminationOnUnregister=true
INFO  15:23:46.903 o.rioproject.cybernode.CybernodeImpl - Enlist with ProvisionManagers as an instantiation resource using: Cybernode-19935@uat.travellinck.com
DEBUG 15:23:46.916 o.rioproject.cybernode.CybernodeImpl - Created new ServiceID: 30f93637-b488-4dd0-9ede-aae7724c596d
INFO  15:23:46.916 o.rioproject.cybernode.CybernodeImpl - Started Cybernode [jboss]
DEBUG 15:23:46.917 o.rioproject.cybernode.CybernodeImpl - initialServiceLoadDelay=5000
DEBUG 15:23:46.981 o.r.cybernode.ServiceConsumer - ProvisionManager discovered org.rioproject.monitor.ProvisionMonitorProxy$ConstrainableProvisionMonitorProxy@65742ebb
DEBUG 15:23:47.540 o.r.monitor.ServiceProvisioner - Registered new Cybernode-19935@uat.travellinck.com, count [1]
DEBUG 15:23:47.550 o.r.cybernode.ServiceConsumer - Established ProvisionManager registration
INFO  15:23:47.552 o.r.cybernode.ServiceConsumer - Registered to a ProvisionManager, now connected to [1] ProvisionMonitor instances
DEBUG 15:23:51.918 o.rioproject.cybernode.CybernodeImpl - Loading [0] initialServices
INFO  15:31:58.063 o.r.monitor.ProvisionMonitorImpl - Deploying Operational String [com.travellinck]
DEBUG 15:31:58.435 org.rioproject.monitor - Deployment [com.travellinck] using exporter JrmpExporter[0,null,null]
DEBUG 15:31:58.484 org.rioproject.monitor.services - ServiceElementManager.verify(): [com.travellinck/WebServicePublisher] actual [0], pending [0], maintain [1]
DEBUG 15:31:58.492 o.r.monitor.tasks.ProvisionTask - Allocating  [com.travellinck/WebServicePublisher] ...
DEBUG 15:31:58.496 org.rioproject.monitor.services - ServiceElementManager.verify(): [com.travellinck/com.travellinck.Space] actual [0], pending [0], maintain [1]
DEBUG 15:31:58.498 o.r.monitor.tasks.ProvisionTask - Allocating  [com.travellinck/com.travellinck.Space] ...
DEBUG 15:31:58.503 org.rioproject.monitor.services - ServiceElementManager.verify(): [com.travellinck/TransactionManager] actual [0], pending [0], maintain [1]
DEBUG 15:31:58.507 o.r.monitor.tasks.ProvisionTask - Allocating  [com.travellinck/TransactionManager] ...
DEBUG 15:31:58.513 org.rioproject.monitor.services - ServiceElementManager.verify(): [com.travellinck/com.travellinck.TransactionUtility] actual [0], pending [0], maintain [1]
DEBUG 15:31:58.517 o.r.monitor.tasks.ProvisionTask - Allocating  [com.travellinck/com.travellinck.TransactionUtility] ...
INFO  15:31:58.520 org.rioproject.cybernode.loader - Instantiating [com.travellinck/com.travellinck.Space, instance:1]
DEBUG 15:31:58.522 org.rioproject.monitor.services - ServiceElementManager.verify(): [com.travellinck/com.travellinck.ScheduledPublisher] actual [0], pending [0], maintain [1]
DEBUG 15:31:58.525 o.r.monitor.tasks.ProvisionTask - Allocating  [com.travellinck/com.travellinck.ScheduledPublisher] ...
INFO  15:31:58.526 org.rioproject.cybernode.loader - Instantiating [com.travellinck/TransactionManager, instance:1]
INFO  15:31:58.531 org.rioproject.cybernode.loader - Instantiating [com.travellinck/WebServicePublisher, instance:1]
DEBUG 15:31:58.532 org.rioproject.monitor.services - ServiceElementManager.verify(): [com.travellinck/com.travellinck.space.admin.Query] actual [0], pending [0], maintain [1]
DEBUG 15:31:58.540 o.r.monitor.tasks.ProvisionTask - Allocating  [com.travellinck/com.travellinck.space.admin.Query] ...
INFO  15:31:58.543 org.rioproject.cybernode.loader - Instantiating [com.travellinck/com.travellinck.TransactionUtility, instance:1]
INFO  15:31:58.555 org.rioproject.cybernode.loader - Instantiating [com.travellinck/com.travellinck.ScheduledPublisher, instance:1]
INFO  15:31:58.557 org.rioproject.cybernode.loader - Instantiating [com.travellinck/com.travellinck.space.admin.Query, instance:1]
INFO  15:31:58.599 o.r.cybernode.ServiceBeanLoader - Resolve com.travellinck.infrastructure:transaction-components:1.0 using these repositories [http://www.rio-project.org/maven2, https://repository.jboss.org/nexus/content/groups/public-jboss/, http://download.eclipse.org/rt/eclipselink/maven.repo, http://repo1.maven.org/maven2/, http://10.10.7.12:9010]
INFO  15:31:59.292 o.r.cybernode.ServiceBeanLoader - Resolve org.apache.river:mahalo:2.2.1 using these repositories [http://www.rio-project.org/maven2, https://repository.jboss.org/nexus/content/groups/public-jboss/, http://download.eclipse.org/rt/eclipselink/maven.repo, http://repo1.maven.org/maven2/, http://10.10.7.12:9010]
INFO  15:31:59.312 o.r.cybernode.ServiceBeanLoader - Resolve com.travellinck.infrastructure:javaspaces-admin-components:1.0 using these repositories [http://www.rio-project.org/maven2, https://repository.jboss.org/nexus/content/groups/public-jboss/, http://download.eclipse.org/rt/eclipselink/maven.repo, http://repo1.maven.org/maven2/, http://10.10.7.12:9010]
INFO  15:31:59.485 o.rioproject.cybernode.CybernodeImpl - Instantiated [com.travellinck/TransactionManager, instance:1], [groups: jboss], total services active: 1
DEBUG 15:31:59.494 org.rioproject.cybernode.JSBDelegate - Set EventHandler [org.rioproject.event.DispatchEventHandler] for SLAManagement for service com.travellinck.TransactionUtility
INFO  15:31:59.502 o.rioproject.cybernode.CybernodeImpl - Instantiated [com.travellinck/com.travellinck.TransactionUtility, instance:1], [groups: jboss], total services active: 2
DEBUG 15:31:59.503 o.r.cybernode.ServiceAdvertiser - Added OperationalStringEntry [com.travellinck] for TransactionManager
DEBUG 15:31:59.506 o.r.cybernode.ServiceAdvertiser - Added Host [10.10.7.12] for TransactionManager
DEBUG 15:31:59.517 org.rioproject.cybernode.JSBDelegate - [com.travellinck/TransactionManager, instance:1]: advertised
INFO  15:31:59.521 o.r.monitor.tasks.ProvisionTask - Allocated [com.travellinck/com.travellinck.TransactionUtility]
INFO  15:31:59.529 o.r.monitor.tasks.ProvisionTask - Allocated [com.travellinck/TransactionManager]
INFO  15:31:59.539 org.rioproject.monitor.services - [com.travellinck/com.travellinck.TransactionUtility] service provisioned, instanceId=[1], type=[DYNAMIC], have [1] service instances
INFO  15:31:59.550 org.rioproject.monitor.services - [com.travellinck/TransactionManager] service provisioned, instanceId=[1], type=[DYNAMIC], have [1] service instances
DEBUG 15:31:59.658 c.t.i.j.t.i.BasicTransactionUtility - Received handle to transaction manager: org.rioproject.associations.Association@50e3fa1d
INFO  15:31:59.659 o.r.associations.AssociationMgmt - Advertise Service: com.travellinck/com.travellinck.TransactionUtility:1
INFO  15:32:00.529 o.r.cybernode.ServiceBeanLoader - Resolve com.travellinck.infrastructure:scheduling-components:1.1 using these repositories [http://www.rio-project.org/maven2, https://repository.jboss.org/nexus/content/groups/public-jboss/, http://download.eclipse.org/rt/eclipselink/maven.repo]
DEBUG 15:32:00.691 org.rioproject.cybernode.JSBDelegate - Set EventHandler [org.rioproject.event.DispatchEventHandler] for SLAManagement for service com.travellinck.space.admin.Query
INFO  15:32:00.716 o.rioproject.cybernode.CybernodeImpl - Instantiated [com.travellinck/com.travellinck.space.admin.Query, instance:1], [groups: jboss], total services active: 3
INFO  15:32:00.723 o.r.monitor.tasks.ProvisionTask - Allocated [com.travellinck/com.travellinck.space.admin.Query]
INFO  15:32:00.731 org.rioproject.monitor.services - [com.travellinck/com.travellinck.space.admin.Query] service provisioned, instanceId=[1], type=[DYNAMIC], have [1] service instances
INFO  15:32:01.284 o.r.cybernode.ServiceBeanLoader - Resolve com.travellinck.infrastructure:web-services-binding-components:1.0 using these repositories [http://www.rio-project.org/maven2, https://repository.jboss.org/nexus/content/groups/public-jboss/, http://download.eclipse.org/rt/eclipselink/maven.repo, http://repo1.maven.org/maven2/, http://10.10.7.12:9010]
DEBUG 15:32:01.586 org.rioproject.cybernode.JSBDelegate - Set EventHandler [org.rioproject.event.DispatchEventHandler] for SLAManagement for service com.travellinck.ScheduledPublisher
INFO  15:32:01.607 o.rioproject.cybernode.CybernodeImpl - Instantiated [com.travellinck/com.travellinck.ScheduledPublisher, instance:1], [groups: jboss], total services active: 4
INFO  15:32:01.618 o.r.monitor.tasks.ProvisionTask - Allocated [com.travellinck/com.travellinck.ScheduledPublisher]
INFO  15:32:01.624 org.rioproject.monitor.services - [com.travellinck/com.travellinck.ScheduledPublisher] service provisioned, instanceId=[1], type=[DYNAMIC], have [1] service instances
INFO  15:32:03.019 o.r.cybernode.ServiceBeanLoader - Resolve org.dancres.blitz:blitz-service:2.2.0 using these repositories [http://www.rio-project.org/maven2, https://repository.jboss.org/nexus/content/groups/public-jboss/, http://download.eclipse.org/rt/eclipselink/maven.repo, http://repo1.maven.org/maven2/, http://10.10.7.12:9010]
DEBUG 15:32:03.102 c.t.c.w.p.AssociatedServicesPublisher - Injected 2 configuration parameter(s)
DEBUG 15:32:03.188 org.rioproject.cybernode.JSBDelegate - Set EventHandler [org.rioproject.event.DispatchEventHandler] for SLAManagement for service WebServicePublisher
INFO  15:32:03.233 o.rioproject.cybernode.CybernodeImpl - Instantiated [com.travellinck/WebServicePublisher, instance:1], [groups: jboss], total services active: 5
INFO  15:32:03.234 c.t.c.w.p.AssociatedServicesPublisher - Starting web service publisher
INFO  15:32:03.337 c.t.c.w.publishing.container - Starting
DEBUG 15:32:03.371 c.t.c.w.publishing.container - Starting network listener: http-8088
DEBUG 15:32:03.816 c.t.c.w.p.AssociatedServicesPublisher - Tracking service 'com.travellinck.space.admin.Query', currently PENDING
DEBUG 15:32:03.834 org.rioproject.cybernode.JSBDelegate - [com.travellinck/WebServicePublisher, instance:1]: advertised
INFO  15:32:03.845 o.r.monitor.tasks.ProvisionTask - Allocated [com.travellinck/WebServicePublisher]
INFO  15:32:03.853 org.rioproject.monitor.services - [com.travellinck/WebServicePublisher] service provisioned, instanceId=[1], type=[DYNAMIC], have [1] service instances
INFO  15:32:05.393 o.rioproject.cybernode.CybernodeImpl - Instantiated [com.travellinck/com.travellinck.Space, instance:1], [groups: jboss], total services active: 6
DEBUG 15:32:05.405 o.r.cybernode.ServiceAdvertiser - Added OperationalStringEntry [com.travellinck] for com.travellinck.Space
DEBUG 15:32:05.407 o.r.cybernode.ServiceAdvertiser - Added Host [10.10.7.12] for com.travellinck.Space
DEBUG 15:32:05.435 org.rioproject.cybernode.JSBDelegate - [com.travellinck/com.travellinck.Space, instance:1]: advertised
INFO  15:32:05.441 o.r.monitor.tasks.ProvisionTask - Allocated [com.travellinck/com.travellinck.Space]
INFO  15:32:05.467 org.rioproject.monitor.services - [com.travellinck/com.travellinck.Space] service provisioned, instanceId=[1], type=[DYNAMIC], have [1] service instances
DEBUG 15:32:05.689 c.t.j.s.a.query.impl.QueryService - Received reference to space: org.rioproject.associations.AssociationProxySupport@157f8315
INFO  15:32:05.689 o.r.associations.AssociationMgmt - Advertise Service: com.travellinck/com.travellinck.space.admin.Query:1
INFO  15:32:05.764 o.r.associations.AssociationMgmt - Advertise Service: com.travellinck/com.travellinck.ScheduledPublisher:1
DEBUG 15:32:05.765 c.t.c.w.p.AssociatedServicesPublisher - Publishing service(s) for new association 'com.travellinck.space.admin.Query'
DEBUG 15:32:05.767 c.t.i.j.s.s.i.PublishLaterRequestHandler - Starting
DEBUG 15:32:05.770 c.t.i.j.s.s.i.PublishLaterRequestHandler - Looking for previously scheduled tasks (shutdown/crash recovery)
INFO  15:32:05.771 c.t.i.j.s.s.i.PublishLaterRequestHandler - Started
DEBUG 15:32:05.777 c.t.c.w.p.p.i.ASMPublishableProxyFactory - Generating web service proxy for: interface com.travellinck.jini.space.admin.query.Query
DEBUG 15:32:05.831 c.t.i.j.s.s.i.PublishLaterRequestHandler - Shutdown/crash recovery complete (recovered 0 schedules)
DEBUG 15:32:05.831 c.t.i.j.s.s.i.PublishLaterRequestHandler - Start processing of Scheduling requests
DEBUG 15:32:06.008 c.t.c.w.p.AssociatedServicesPublisher - Generated 1 web service adaptor(s) for: com.travellinck.space.admin.Query
INFO  15:32:06.010 c.t.c.w.publishing.container - Publishing REST service ws.proxy.com.travellinck.jini.space.admin.query.Query@5cb4a0fe to [http://0.0.0.0:8088/query]
DEBUG 15:33:47.388 o.r.cybernode.ServiceConsumer - Canceling all event registrations to Provisioner instances
INFO  15:33:47.393 o.r.monitor.ServiceProvisioner - Cybernode-19935@uat.travellinck.com @ 10.10.7.12 removed, count now [0]
INFO  15:33:47.396 o.r.cybernode.ServiceConsumer - Dropping ProvisionManager, now connected to [0] ProvisionMonitor instances
DEBUG 15:33:47.425 c.t.c.w.p.AssociatedServicesPublisher - Stopping
INFO  15:33:47.425 c.t.c.w.publishing.container - Stopping
INFO  15:33:47.439 o.rioproject.jsb.ServiceBeanAdapter - Destroy com.travellinck/WebServicePublisher:1
WARN  15:33:47.449 o.rioproject.jsb.ServiceBeanAdapter - UnexportTask interrupted
DEBUG 15:33:47.451 o.r.c.TransientServiceStatementManager - WebServicePublisher is Inactive, Removed Records
INFO  15:33:47.451 org.rioproject.cybernode.loader - Discarded [com.travellinck/WebServicePublisher, instance:1], total services active: 5
INFO  15:33:47.484 o.rioproject.jsb.ServiceBeanAdapter - Destroy com.travellinck/com.travellinck.TransactionUtility:1
WARN  15:33:47.489 o.rioproject.jsb.ServiceBeanAdapter - UnexportTask interrupted
INFO  15:33:47.492 o.r.associations.AssociationMgmt - [com.travellinck/com.travellinck.ScheduledPublisher:1] unadvertiseOnBroken : true
ERROR 15:33:47.497 c.t.i.j.s.s.i.PublishLaterRequestHandler - Failed to process PublishLaterRequestEntry (rolling back transaction)
net.jini.core.transaction.TransactionException: Search interrupted
	at org.dancres.blitz.SpaceImpl.find(SpaceImpl.java:274) ~[na:na]
	at org.dancres.blitz.SpaceImpl.take(SpaceImpl.java:294) ~[na:na]
	at org.dancres.blitz.remote.BlitzServiceImpl.take(BlitzServiceImpl.java:481) ~[na:na]
	at sun.reflect.GeneratedMethodAccessor106.invoke(Unknown Source) ~[na:na]
	at sun.reflect.DelegatingMethodAccessorImpl.invoke(DelegatingMethodAccessorImpl.java:43) ~[na:1.7.0_07]
	at java.lang.reflect.Method.invoke(Method.java:601) ~[na:1.7.0_07]
	at net.jini.jeri.BasicInvocationDispatcher.invoke(BasicInvocationDispatcher.java:1126) ~[jsk-platform-2.2.1.jar:2.2.0]
	at net.jini.jeri.BasicInvocationDispatcher.dispatch(BasicInvocationDispatcher.java:608) ~[jsk-platform-2.2.1.jar:2.2.0]
	at com.sun.jini.jeri.internal.runtime.Target$2.run(Target.java:487) ~[jsk-platform-2.2.1.jar:2.2.0]
	at net.jini.export.ServerContext.doWithServerContext(ServerContext.java:108) ~[jsk-platform-2.2.1.jar:2.2.0]
	at com.sun.jini.jeri.internal.runtime.Target.dispatch(Target.java:484) ~[jsk-platform-2.2.1.jar:2.2.0]
	at com.sun.jini.jeri.internal.runtime.Target.access$000(Target.java:57) ~[jsk-platform-2.2.1.jar:2.2.0]
	at com.sun.jini.jeri.internal.runtime.Target$1.run(Target.java:464) ~[jsk-platform-2.2.1.jar:2.2.0]
	at com.sun.jini.start.AggregatePolicyProvider$AggregateSecurityContext$2.run(AggregatePolicyProvider.java:527) ~[start-2.2.1.jar:na]
	at java.security.AccessController.doPrivileged(Native Method) ~[na:1.7.0_07]
	at com.sun.jini.jeri.internal.runtime.Target.dispatch(Target.java:461) ~[jsk-platform-2.2.1.jar:2.2.0]
	at com.sun.jini.jeri.internal.runtime.Target.dispatch(Target.java:426) ~[jsk-platform-2.2.1.jar:2.2.0]
	at com.sun.jini.jeri.internal.runtime.DgcRequestDispatcher.dispatch(DgcRequestDispatcher.java:210) ~[jsk-platform-2.2.1.jar:2.2.0]
	at net.jini.jeri.connection.ServerConnectionManager$Dispatcher.dispatch(ServerConnectionManager.java:147) ~[jsk-platform-2.2.1.jar:2.2.0]
	at com.sun.jini.jeri.internal.mux.MuxServer$1$1.run(MuxServer.java:244) ~[jsk-platform-2.2.1.jar:2.2.0]
	at com.sun.jini.start.AggregatePolicyProvider$AggregateSecurityContext$1.run(AggregatePolicyProvider.java:513) ~[start-2.2.1.jar:na]
	at com.sun.jini.start.AggregatePolicyProvider$AggregateSecurityContext$1.run(AggregatePolicyProvider.java:513) ~[start-2.2.1.jar:na]
	at java.security.AccessController.doPrivileged(Native Method) ~[na:1.7.0_07]
	at com.sun.jini.jeri.internal.mux.MuxServer$1.run(MuxServer.java:241) ~[jsk-platform-2.2.1.jar:2.2.0]
	at com.sun.jini.thread.ThreadPool$Worker.run(ThreadPool.java:136) ~[jsk-platform-2.2.1.jar:2.2.0]
	at java.lang.Thread.run(Thread.java:722) [na:1.7.0_07]
	at com.sun.jini.jeri.internal.runtime.Util.__________EXCEPTION_RECEIVED_FROM_SERVER__________(Util.java:108) ~[jsk-platform-2.2.1.jar:2.2.0]
	at com.sun.jini.jeri.internal.runtime.Util.exceptionReceivedFromServer(Util.java:101) ~[jsk-platform-2.2.1.jar:2.2.0]
	at net.jini.jeri.BasicInvocationHandler.unmarshalThrow(BasicInvocationHandler.java:1303) ~[jsk-platform-2.2.1.jar:2.2.0]
	at net.jini.jeri.BasicInvocationHandler.invokeRemoteMethodOnce(BasicInvocationHandler.java:832) ~[jsk-platform-2.2.1.jar:2.2.0]
	at net.jini.jeri.BasicInvocationHandler.invokeRemoteMethod(BasicInvocationHandler.java:659) ~[jsk-platform-2.2.1.jar:2.2.0]
	at net.jini.jeri.BasicInvocationHandler.invoke(BasicInvocationHandler.java:528) ~[jsk-platform-2.2.1.jar:2.2.0]
	at $Proxy90.take(Unknown Source) ~[na:na]
	at org.dancres.blitz.remote.BlitzProxy.take(BlitzProxy.java:157) ~[na:na]
	at org.dancres.blitz.remote.ConstrainableBlitzProxy.take(ConstrainableBlitzProxy.java:43) ~[na:na]
	at com.travellinck.infrastructure.jini.space.scheduling.impl.PublishLaterRequestHandler$2.call(PublishLaterRequestHandler.java:127) ~[scheduling-components-1.1.jar:na]
	at java.util.concurrent.FutureTask$Sync.innerRun(FutureTask.java:334) [na:1.7.0_07]
	at java.util.concurrent.FutureTask.run(FutureTask.java:166) [na:1.7.0_07]
	at java.util.concurrent.ThreadPoolExecutor.runWorker(ThreadPoolExecutor.java:1110) [na:1.7.0_07]
	at java.util.concurrent.ThreadPoolExecutor$Worker.run(ThreadPoolExecutor.java:603) [na:1.7.0_07]
	at java.lang.Thread.run(Thread.java:722) [na:1.7.0_07]
DEBUG 15:33:47.559 c.t.i.j.s.s.i.PublishLaterRequestHandler - Stopping
INFO  15:33:47.575 c.t.i.j.s.s.i.PublishLaterRequestHandler - Stopped
DEBUG 15:33:47.575 c.t.infrastructure.rio.Associations - Thread interrupted, abandoning wait for usable associations
DEBUG 15:33:47.576 c.t.i.j.s.s.i.PublishLaterRequestHandler - Request processing complete (shutdown)
DEBUG 15:33:47.577 o.r.c.TransientServiceStatementManager - com.travellinck.TransactionUtility is Inactive, Removed Records
INFO  15:33:47.577 org.rioproject.cybernode.loader - Discarded [com.travellinck/com.travellinck.TransactionUtility, instance:1], total services active: 2
INFO  15:33:47.588 o.rioproject.jsb.ServiceBeanAdapter - Destroy com.travellinck/com.travellinck.space.admin.Query:1
WARN  15:33:47.591 o.rioproject.jsb.ServiceBeanAdapter - UnexportTask interrupted
DEBUG 15:33:47.593 o.r.c.TransientServiceStatementManager - com.travellinck.space.admin.Query is Inactive, Removed Records
INFO  15:33:47.593 org.rioproject.cybernode.loader - Discarded [com.travellinck/com.travellinck.space.admin.Query, instance:1], total services active: 1
INFO  15:33:47.607 o.rioproject.jsb.ServiceBeanAdapter - Destroy com.travellinck/com.travellinck.ScheduledPublisher:1
DEBUG 15:33:47.609 c.t.i.j.s.s.i.PublishLaterRequestHandler - Stopping
INFO  15:33:47.609 c.t.i.j.s.s.i.PublishLaterRequestHandler - Stopped
WARN  15:33:47.613 o.rioproject.jsb.ServiceBeanAdapter - UnexportTask interrupted
DEBUG 15:33:47.614 o.r.c.TransientServiceStatementManager - com.travellinck.ScheduledPublisher is Inactive, Removed Records
INFO  15:33:47.615 org.rioproject.cybernode.loader - Discarded [com.travellinck/com.travellinck.ScheduledPublisher, instance:1], total services active: 0
INFO  15:33:47.615 o.rioproject.cybernode.CybernodeImpl - Cybernode: destroy() notification
DEBUG 15:33:47.640 o.r.monitor.ProvisionMonitorImpl - ProvisionMonitor: destroy() notification
DEBUG 15:33:47.641 o.r.m.m.PendingServiceElementManager - Dynamic-Service TestManager: There are no pending instances of [com.travellinck/WebServicePublisher] to remove 
DEBUG 15:33:47.642 o.r.m.m.PendingServiceElementManager - Dynamic-Service TestManager: There are no pending instances of [com.travellinck/com.travellinck.Space] to remove 
DEBUG 15:33:47.642 o.r.m.m.PendingServiceElementManager - Dynamic-Service TestManager: There are no pending instances of [com.travellinck/TransactionManager] to remove 
DEBUG 15:33:47.642 o.r.m.m.PendingServiceElementManager - Dynamic-Service TestManager: There are no pending instances of [com.travellinck/com.travellinck.TransactionUtility] to remove 
DEBUG 15:33:47.643 o.r.m.m.PendingServiceElementManager - Dynamic-Service TestManager: There are no pending instances of [com.travellinck/com.travellinck.ScheduledPublisher] to remove 
DEBUG 15:33:47.643 o.r.m.m.PendingServiceElementManager - Dynamic-Service TestManager: There are no pending instances of [com.travellinck/com.travellinck.space.admin.Query] to remove 
INFO  15:33:47.643 org.rioproject.monitor - OpStringManager [com.travellinck] terminated
INFO  15:33:47.649 o.rioproject.jsb.ServiceBeanAdapter - Destroy System-Core/Provision Monitor:0
WARN  15:33:47.652 o.rioproject.jsb.ServiceBeanAdapter - UnexportTask interrupted
INFO  15:33:47.652 o.r.monitor.ProvisionMonitorImpl - Destroyed Monitor
