INFO  14:11:30.336 o.r.monitor.ProvisionMonitorImpl - 
____ _ ____
|__/ | |  |   Provision Monitor
|  \ | |__|   Version: 5.0-M3, Build: 20130709-1639

Rio Home: /opt/rio
Java version: 1.7.0_07, vendor: Oracle Corporation
Java home: /usr/java/jdk1.7.0_07/jre
DEBUG 14:11:30.438 o.r.monitor.ProvisionMonitorImpl - Bound to RMI Registry on port=1100
INFO  14:11:30.567 o.r.m.selectors.LeastActiveSelector - Created LeastActiveSelector
WARN  14:11:30.572 o.r.monitor.ProvisionMonitorImpl - The system property [org.rioproject.codeserver] has not been set, it has been resolved to: artifact:org.rioproject.monitor/monitor-proxy/5.0-M3
INFO  14:11:30.574 org.rioproject.jmx.JMXConnectionUtil - JMXServiceURL=service:jmx:rmi://10.10.7.12:1100/jndi/rmi://10.10.7.12:1100/jmxrmi
DEBUG 14:11:30.642 o.r.monitor.ProvisionMonitorImpl - Configured to scan for OAR deployments every 30 seconds
DEBUG 14:11:30.647 o.r.m.h.FileSystemOARDeployHandler - OARs will be scanned for in this directory: /opt/rio-5.0-M3/deploy
DEBUG 14:11:30.647 o.r.m.h.FileSystemOARDeployHandler - OARs will be installed into this directory: /opt/rio-5.0-M3/deploy
DEBUG 14:11:30.664 o.r.m.peer.ProvisionMonitorPeer - ProvisionMonitorPeer: No backup
DEBUG 14:11:30.699 o.r.monitor.ProvisionMonitorImpl - initialOpStrings=[], initialOpStringLoadDelay=5000
DEBUG 14:11:30.704 o.r.monitor.ProvisionMonitorImpl - Created new ServiceID: 5e092771-d6f6-4813-8eed-2d0c739edcea
INFO  14:11:30.709 o.r.watch.ThreadDeadlockMonitor - ThreadMXBean set, monitoring current JVM for thread deadlocks
INFO  14:11:30.713 o.r.monitor.ProvisionMonitorImpl - Started Provision Monitor [jboss]
DEBUG 14:11:30.799 o.r.m.peer.ProvisionMonitorPeer - Import OperationalStrings from: address=10.10.7.12, id=-4606582818923889626
DEBUG 14:11:30.830 o.r.m.peer.ProvisionMonitorPeer - No backup yet, try assignment
DEBUG 14:11:30.835 o.r.m.peer.ProvisionMonitorPeer - ProvisionMonitorPeer: ProvisionMonitor backup info :
	count=0, address=10.10.7.12, id=-4606582818923889626
DEBUG 14:11:30.842 o.r.m.peer.ProvisionMonitorPeer - ProvisionMonitorPeer: ProvisionMonitor updated info :
	count=1, address=10.10.7.12, id=-4606582818923889626, 
DEBUG 14:11:31.036 o.r.monitor.ServiceProvisioner - Registered new Cybernode-23562@uat.travellinck.com, count [1]
INFO  14:11:31.130 o.rioproject.cybernode.CybernodeImpl - 
____ _ ____
|__/ | |  |   Cybernode
|  \ | |__|   Version: 5.0-M3, Build: 20130709-1639

Rio Home: /opt/rio
Java version: 1.7.0_07, vendor: Oracle Corporation
Java home: /usr/java/jdk1.7.0_07/jre
DEBUG 14:11:31.156 o.rioproject.cybernode.CybernodeImpl - Bound to RMI Registry on port=1100
INFO  14:11:31.159 o.r.watch.ThreadDeadlockMonitor - ThreadMXBean set, monitoring current JVM for thread deadlocks
DEBUG 14:11:31.351 o.rioproject.cybernode.CybernodeImpl - Will update discovered Provision Monitors with resource utilization details at intervals of 1 minute
DEBUG 14:11:31.358 org.rioproject.cybernode.Environment - Using ServiceStatementManager: org.rioproject.cybernode.TransientServiceStatementManager
DEBUG 14:11:31.377 o.rioproject.cybernode.CybernodeImpl - serviceTerminationOnUnregister=true
INFO  14:11:31.377 o.rioproject.cybernode.CybernodeImpl - Enlist with ProvisionManagers as an instantiation resource using: Cybernode-26412@uat.travellinck.com
DEBUG 14:11:31.390 o.rioproject.cybernode.CybernodeImpl - Created new ServiceID: 959476a8-4516-45a7-99a5-e9d9cb314a33
INFO  14:11:31.391 o.rioproject.cybernode.CybernodeImpl - Started Cybernode [jboss]
DEBUG 14:11:31.391 o.rioproject.cybernode.CybernodeImpl - initialServiceLoadDelay=5000
WARN  14:11:31.445 org.rioproject.start - service.creation.unknown
java.net.BindException: Could not start Webster.
	at org.rioproject.tools.webster.Webster.initialize(Webster.java:281) ~[na:na]
	at org.rioproject.tools.webster.Webster.<init>(Webster.java:209) ~[na:na]
Wrapped by: java.lang.reflect.InvocationTargetException: null
	at sun.reflect.NativeConstructorAccessorImpl.newInstance0(Native Method) ~[na:1.7.0_07]
	at sun.reflect.NativeConstructorAccessorImpl.newInstance(NativeConstructorAccessorImpl.java:57) ~[na:1.7.0_07]
	at sun.reflect.DelegatingConstructorAccessorImpl.newInstance(DelegatingConstructorAccessorImpl.java:45) ~[na:1.7.0_07]
	at java.lang.reflect.Constructor.newInstance(Constructor.java:525) ~[na:1.7.0_07]
	at com.sun.jini.start.NonActivatableServiceDescriptor.create(NonActivatableServiceDescriptor.java:674) ~[start-2.2.1.jar:na]
	at org.rioproject.start.ServiceStarter.create(ServiceStarter.java:227) ~[rio-start-5.0-M3.jar:5.0-M3]
	at org.rioproject.start.ServiceStarter.doStart(ServiceStarter.java:316) ~[rio-start-5.0-M3.jar:5.0-M3]
	at org.rioproject.start.ServiceStarter.main(ServiceStarter.java:408) ~[rio-start-5.0-M3.jar:5.0-M3]
WARN  14:11:31.446 org.rioproject.start - service.creation.unknown.detail 0 [, /opt/rio/policy/policy.all, /opt/rio/lib/webster-5.0-M3.jar, org.rioproject.tools.webster.Webster, [-port, 9010, -roots, /opt/rio/lib-dl;/opt/rio/lib;/opt/rio/deploy;/home/jboss/.m2/repository, -bindAddress, 10.10.7.12], com.sun.jini.start.NonActivatableServiceDescriptor$1@4b12cd26, BasicProxyPreparer[]]
DEBUG 14:11:31.495 o.r.cybernode.ServiceConsumer - ProvisionManager discovered org.rioproject.monitor.ProvisionMonitorProxy$ConstrainableProvisionMonitorProxy@758c9e84
DEBUG 14:11:31.495 o.r.cybernode.ServiceConsumer - ProvisionManager discovered org.rioproject.monitor.ProvisionMonitorProxy$ConstrainableProvisionMonitorProxy@5453ec1e
DEBUG 14:11:32.021 o.r.monitor.ServiceProvisioner - Registered new Cybernode-26412@uat.travellinck.com, count [2]
DEBUG 14:11:32.028 o.r.cybernode.ServiceConsumer - Established ProvisionManager registration
INFO  14:11:32.030 o.r.cybernode.ServiceConsumer - Registered to a ProvisionManager, now connected to [2] ProvisionMonitor instances
DEBUG 14:11:32.045 o.r.cybernode.ServiceConsumer - Established ProvisionManager registration
INFO  14:11:32.045 o.r.cybernode.ServiceConsumer - Registered to a ProvisionManager, now connected to [2] ProvisionMonitor instances
DEBUG 14:11:36.393 o.rioproject.cybernode.CybernodeImpl - Loading [0] initialServices
DEBUG 14:11:59.859 o.r.monitor.ProvisionMonitorImpl - ProvisionMonitor: destroy() notification
INFO  14:11:59.860 o.r.monitor.ServiceProvisioner - Cybernode-26412@uat.travellinck.com @ 10.10.7.12 removed, count now [1]
INFO  14:11:59.861 o.r.monitor.ServiceProvisioner - Cybernode-23562@uat.travellinck.com @ 10.10.7.12 removed, count now [0]
INFO  14:11:59.887 o.rioproject.jsb.ServiceBeanAdapter - Destroy System-Core/Provision Monitor:0
WARN  14:11:59.916 o.rioproject.jsb.ServiceBeanAdapter - UnexportTask interrupted
INFO  14:11:59.919 o.r.monitor.ProvisionMonitorImpl - Destroyed Monitor
DEBUG 14:11:59.926 o.r.cybernode.ServiceConsumer - Canceling all event registrations to Provisioner instances
WARN  14:11:59.927 o.r.cybernode.ServiceConsumer - ProvisionLeaseManager: could not drop lease java.rmi.NoSuchObjectException: no such object in table
INFO  14:11:59.928 o.r.cybernode.ServiceConsumer - Dropping ProvisionManager, now connected to [1] ProvisionMonitor instances
INFO  14:11:59.930 o.r.cybernode.ServiceConsumer - Dropping ProvisionManager, now connected to [0] ProvisionMonitor instances
INFO  14:11:59.931 o.rioproject.cybernode.CybernodeImpl - Cybernode: destroy() notification
